2026-05-11 17:45:51, MOVE, v:1, k:ed@prin_list1, mode:DOWN
2026-05-11 17:45:51, MOVE, v:1, k:ed@prin_list1, mode:PICK
2026-05-11 17:45:51, MOVE, v:1, k:ed@prin_list1, mode:EDIT
2026-05-11 17:45:51, MOVE, v:1, k:ed@prin_list1, mode:EDIT
2026-05-11 17:45:51, MOVE, v:1, k:ed@prin_list1, mode:EDIT
2026-05-11 18:23:55, MOVE, v:1, k:ed@prin_list1, mode:EDIT
2026-05-11 18:30:09, MOVE, v:1, k:ed@prin_list1, mode:EDIT
2026-05-11 18:31:47, EXEC, v:1, k:ed@prin_list1, mode:FULL, size:181, fail:COMP
2026-05-11 18:31:54, EXEC, v:1, k:ed@prin_list1, mode:LOCK, rate:0, size:181
2026-05-11 18:34:45, MOVE, v:1, k:ed@prin_list1, mode:EDIT
2026-05-11 18:40:17, MOVE, v:1, k:ed@prin_list1, mode:EDIT
2026-05-11 18:45:01, EXEC, v:1, k:ed@prin_list1, mode:LOCK, rate:0, size:191
2026-05-11 18:45:08, MOVE, v:1, k:ed@prin_list1, mode:BACK
2026-05-11 18:44:58, MOVE, v:1, k:ed@prin_list1, mode:EDIT
2026-05-11 18:45:25, MOVE, v:1, k:ed@prin_list1, mode:PICK
2026-05-11 18:45:27, EXEC, v:1, k:ed@prin_list1, mode:LOCK, rate:0
2026-05-11 18:45:31, EXEC, v:1, k:ed@prin_list1, mode:LOCK, rate:0
2026-05-11 18:45:32, EXEC, v:1, k:ed@prin_list1, mode:LOCK, rate:0
2026-05-11 18:46:49, MOVE, v:1, k:ed@prin_list1, mode:BACK
2026-05-11 18:48:02, MOVE, v:1, k:ed@editor, mode:DOWN
2026-05-11 18:48:10, MOVE, v:1, k:ed@editor, mode:PICK
2026-05-11 18:48:13, EXEC, v:1, k:ed@editor, mode:FULL, rate:0, size:5
2026-05-11 18:46:39, MOVE, v:1, k:ed@prin_list1, mode:EDIT
2026-05-11 18:48:02, MOVE, v:1, k:ed@editor, mode:EDIT
2026-05-11 18:48:02, MOVE, v:1, k:ed@editor, mode:EDIT
2026-05-11 18:50:17, MOVE, v:1, k:ed@editor, mode:EDIT
2026-05-11 18:52:58, MOVE, v:1, k:ed@editor, mode:EDIT
2026-05-11 18:56:57, MOVE, v:1, k:ed@editor, mode:EDIT
2026-05-11 19:10:18, MOVE, v:1, k:ed@editor, mode:EDIT
2026-05-11 19:15:12, MOVE, v:1, k:ed@editor, mode:EDIT
2026-05-11 19:20:18, MOVE, v:1, k:ed@editor, mode:EDIT
2026-05-11 19:22:19, EXEC, v:1, k:ed@editor, mode:FULL, rate:0, size:35
2026-05-11 19:25:18, MOVE, v:1, k:ed@editor, mode:EDIT
2026-05-11 19:25:28, EXEC, v:1, k:ed@editor, mode:FULL, rate:0, size:38
2026-05-11 19:25:55, EXEC, v:1, k:ed@editor, mode:FULL, rate:0, size:39
2026-05-11 19:29:04, EXEC, v:1, k:ed@editor, mode:FULL, rate:0, size:49
2026-05-11 19:29:01, MOVE, v:1, k:ed@editor, mode:EDIT
2026-05-11 19:32:02, EXEC, v:1, k:ed@editor, mode:FULL, rate:0, size:49
2026-05-11 19:33:00, EXEC, v:1, k:ed@editor, mode:FULL, rate:0, size:51
2026-05-11 19:34:26, MOVE, v:1, k:ed@editor, mode:EDIT
2026-05-11 19:38:36, EXEC, v:1, k:ed@editor, mode:FULL, rate:16, size:54
2026-05-11 19:39:49, MOVE, v:1, k:ed@editor, mode:EDIT
2026-05-11 19:41:33, EXEC, v:1, k:ed@editor, mode:FULL, rate:50, size:54
2026-05-11 19:44:12, MOVE, v:1, k:ed@editor, mode:EDIT
2026-05-11 19:50:20, MOVE, v:1, k:ed@editor, mode:EDIT
2026-05-11 19:50:44, EXEC, v:1, k:ed@editor, mode:FULL, rate:100, size:54
2026-05-11 19:50:49, MOVE, v:1, k:ed@editor, mode:BACK
2026-05-11 19:51:00, MOVE, v:1, k:ed@editorint, mode:DOWN
2026-05-11 19:51:01, MOVE, v:1, k:ed@editorint, mode:PICK
2026-05-11 19:51:08, MOVE, v:1, k:ed@editorint, mode:BACK
2026-05-11 19:51:36, SELF, v:1, k:ed@editor, self:1, rate:100, study:50
2026-05-11 19:50:39, MOVE, v:1, k:ed@editor, mode:EDIT
2026-05-11 19:51:00, MOVE, v:1, k:ed@editorint, mode:EDIT
2026-05-11 19:51:00, MOVE, v:1, k:ed@editorint, mode:EDIT
2026-05-11 19:51:00, MOVE, v:1, k:ed@editorint, mode:EDIT
2026-05-11 19:51:00, MOVE, v:1, k:ed@editorint, mode:EDIT
2026-05-11 19:51:00, MOVE, v:1, k:ed@editorint, mode:EDIT
2026-05-11 22:41:12, MOVE, v:1, k:ed@editorint, mode:PICK
2026-05-11 22:44:59, MOVE, v:1, k:ed@editorint, mode:BACK
2026-05-11 22:47:25, EXEC, v:1, k:ed@editorint, mode:FREE
