2026-04-15 21:53:00, MOVE, v:1, k:ed@baruel, mode:PICK
2026-04-15 21:53:02, MOVE, v:1, k:ed@baruel, mode:BACK
2026-04-15 21:54:30, MOVE, v:1, k:ed@fractais_png, mode:PICK
2026-04-15 22:03:44, EXEC, v:1, k:ed@fractais_png, mode:LOCK, rate:0, size:119
2026-04-15 22:04:23, EXEC, v:1, k:ed@fractais_png, mode:LOCK, rate:0
2026-04-15 22:04:27, EXEC, v:1, k:ed@fractais_png, mode:LOCK, rate:0, size:120
2026-04-15 22:04:38, EXEC, v:1, k:ed@fractais_png, mode:LOCK, rate:0, size:120
2026-04-15 22:04:45, EXEC, v:1, k:ed@fractais_png, mode:LOCK, rate:0, size:120
2026-04-15 22:04:59, EXEC, v:1, k:ed@fractais_png, mode:LOCK, rate:0, size:120
2026-04-15 22:04:58, MOVE, v:1, k:ed@fractais_png, mode:EDIT
2026-04-15 22:04:59, MOVE, v:1, k:ed@fractais_png, mode:EDIT
2026-04-15 22:07:18, EXEC, v:1, k:ed@fractais_png, mode:LOCK, rate:0, size:124
2026-04-15 22:07:38, EXEC, v:1, k:ed@fractais_png, mode:LOCK, rate:0, size:124
2026-04-15 22:10:46, EXEC, v:1, k:ed@fractais_png, mode:LOCK, rate:0, size:124
2026-04-15 22:10:55, EXEC, v:1, k:ed@fractais_png, mode:LOCK, rate:0, size:124
2026-04-15 22:11:01, EXEC, v:1, k:ed@fractais_png, mode:LOCK, rate:0, size:124
2026-04-15 22:11:01, MOVE, v:1, k:ed@fractais_png, mode:EDIT
2026-04-15 22:11:01, MOVE, v:1, k:ed@fractais_png, mode:EDIT
2026-04-15 22:11:59, EXEC, v:1, k:ed@fractais_png, mode:LOCK, rate:0, size:124
2026-04-15 22:12:16, EXEC, v:1, k:ed@fractais_png, mode:LOCK, rate:0, size:124
2026-04-15 22:12:23, EXEC, v:1, k:ed@fractais_png, mode:LOCK, rate:0
2026-04-15 22:12:32, EXEC, v:1, k:ed@fractais_png, mode:LOCK, rate:0, size:124
2026-04-15 22:13:27, EXEC, v:1, k:ed@fractais_png, mode:LOCK, rate:0, size:125
2026-04-15 22:13:56, EXEC, v:1, k:ed@fractais_png, mode:LOCK, rate:0, size:125
2026-04-15 22:16:20, EXEC, v:1, k:ed@fractais_png, mode:LOCK, rate:0, size:125
2026-04-15 22:16:32, EXEC, v:1, k:ed@fractais_png, mode:LOCK, rate:0, size:125
2026-04-15 22:16:30, MOVE, v:1, k:ed@fractais_png, mode:EDIT
2026-04-15 22:16:32, MOVE, v:1, k:ed@fractais_png, mode:EDIT
2026-04-15 22:17:23, EXEC, v:1, k:ed@fractais_png, mode:LOCK, rate:0, size:124
2026-04-15 22:17:45, EXEC, v:1, k:ed@fractais_png, mode:LOCK, rate:0, size:124
2026-04-15 22:21:08, EXEC, v:1, k:ed@fractais_png, mode:LOCK, rate:0, size:124
2026-04-15 22:21:23, EXEC, v:1, k:ed@fractais_png, mode:LOCK, rate:0, size:124
2026-04-15 22:21:35, EXEC, v:1, k:ed@fractais_png, mode:LOCK, rate:0, size:124
2026-04-15 22:21:34, MOVE, v:1, k:ed@fractais_png, mode:EDIT
2026-04-15 22:21:35, MOVE, v:1, k:ed@fractais_png, mode:EDIT
2026-04-15 22:30:26, EXEC, v:1, k:ed@fractais_png, mode:LOCK, rate:0, size:131
2026-04-15 22:30:39, EXEC, v:1, k:ed@fractais_png, mode:LOCK, rate:0, size:131
2026-04-15 22:30:51, EXEC, v:1, k:ed@fractais_png, mode:LOCK, rate:0, size:131
2026-04-15 22:31:01, EXEC, v:1, k:ed@fractais_png, mode:LOCK, rate:0, size:131
2026-04-15 22:31:00, MOVE, v:1, k:ed@fractais_png, mode:EDIT
2026-04-15 22:31:01, MOVE, v:1, k:ed@fractais_png, mode:EDIT
2026-04-15 22:33:38, EXEC, v:1, k:ed@fractais_png, mode:LOCK, rate:0, size:126
2026-04-15 22:34:15, EXEC, v:1, k:ed@fractais_png, mode:LOCK, rate:0, size:125
2026-04-15 22:34:31, EXEC, v:1, k:ed@fractais_png, mode:LOCK, rate:0, size:125
2026-04-15 22:36:41, MOVE, v:1, k:ed@fractais_png, mode:EDIT
2026-04-15 22:34:31, MOVE, v:1, k:ed@fractais_png, mode:EDIT
2026-04-15 22:36:44, EXEC, v:1, k:ed@fractais_png, mode:LOCK, rate:0, size:124
2026-04-15 22:36:55, EXEC, v:1, k:ed@fractais_png, mode:LOCK, rate:0, size:125
2026-04-15 22:37:45, EXEC, v:1, k:ed@fractais_png, mode:LOCK, rate:0, size:124
2026-04-15 22:38:00, EXEC, v:1, k:ed@fractais_png, mode:LOCK, rate:0, size:123
2026-04-15 22:38:18, EXEC, v:1, k:ed@fractais_png, mode:LOCK, rate:0, size:124
2026-04-15 22:38:35, EXEC, v:1, k:ed@fractais_png, mode:LOCK, rate:0, size:124
2026-04-15 22:39:50, MOVE, v:1, k:ed@fractais_png, mode:BACK
