2026-04-06 18:01:58, MOVE, v:1, k:ed@treinando, mode:DOWN
2026-04-06 18:02:03, MOVE, v:1, k:ed@treinando, mode:PICK
2026-04-06 18:45:30, EXEC, v:1, k:ed@treinando, mode:FULL, rate:0, size:91
2026-04-06 18:47:08, EXEC, v:1, k:ed@treinando, mode:FULL, rate:0, size:89
2026-04-06 18:53:06, EXEC, v:1, k:ed@treinando, mode:FULL, rate:0, size:89
2026-04-06 19:11:15, EXEC, v:1, k:ed@treinando, mode:FULL, rate:0, size:93
2026-04-06 19:12:01, EXEC, v:1, k:ed@treinando, mode:FULL, rate:0, size:93
2026-04-06 19:12:43, EXEC, v:1, k:ed@treinando, mode:FULL, rate:0, size:93
2026-04-06 19:17:05, EXEC, v:1, k:ed@treinando, mode:FULL, rate:0, size:96
2026-04-06 19:17:46, EXEC, v:1, k:ed@treinando, mode:FULL, rate:0, size:96
2026-04-06 19:18:52, EXEC, v:1, k:ed@treinando, mode:FULL, rate:0, size:96
2026-04-06 19:20:52, EXEC, v:1, k:ed@treinando, mode:FULL, rate:0, size:96
2026-04-06 19:22:49, EXEC, v:1, k:ed@treinando, mode:FULL, rate:16, size:96
2026-04-06 19:48:36, MOVE, v:1, k:ed@treinando, mode:BACK
2026-04-06 21:53:31, MOVE, v:1, k:ed@treinando, mode:PICK
2026-04-06 22:09:42, EXEC, v:1, k:ed@treinando, mode:FULL, rate:16, size:108
2026-04-06 22:13:48, EXEC, v:1, k:ed@treinando, mode:FULL, rate:16, size:104
2026-04-06 22:17:40, EXEC, v:1, k:ed@treinando, mode:FULL, rate:16, size:105
2026-04-06 22:20:05, EXEC, v:1, k:ed@treinando, mode:FULL, rate:33, size:108
2026-04-06 22:42:53, EXEC, v:1, k:ed@treinando, mode:FULL, rate:33, size:113
2026-04-06 22:43:24, EXEC, v:1, k:ed@treinando, mode:FULL, rate:33, size:113
2026-04-06 22:46:38, EXEC, v:1, k:ed@treinando, mode:FULL, rate:33, size:113
2026-04-06 22:50:34, EXEC, v:1, k:ed@treinando, mode:FULL, rate:33, size:114
2026-04-06 22:55:04, EXEC, v:1, k:ed@treinando, mode:FULL, rate:50, size:113
2026-04-06 23:30:20, EXEC, v:1, k:ed@treinando, mode:FULL, rate:50, size:119
2026-04-06 23:32:40, EXEC, v:1, k:ed@treinando, mode:FULL, rate:50, size:119
2026-04-06 23:33:06, EXEC, v:1, k:ed@treinando, mode:FULL, rate:50
2026-04-06 23:34:08, EXEC, v:1, k:ed@treinando, mode:FULL, rate:50, size:119
2026-04-06 23:41:07, EXEC, v:1, k:ed@treinando, mode:FULL, rate:50
