2026-06-24 00:10:10, MOVE, v:1, k:ed@serial, mode:DOWN
2026-06-24 00:10:11, MOVE, v:1, k:ed@serial, mode:PICK
2026-06-24 00:10:10, MOVE, v:1, k:ed@serial, mode:EDIT
2026-06-24 00:10:10, MOVE, v:1, k:ed@serial, mode:EDIT
2026-06-24 00:29:19, MOVE, v:1, k:ed@serial, mode:EDIT
2026-06-24 00:30:21, MOVE, v:1, k:ed@serial, mode:EDIT
2026-06-24 00:59:19, MOVE, v:1, k:ed@serial, mode:EDIT
2026-06-24 01:09:44, EXEC, v:1, k:ed@serial, mode:FULL, rate:0, size:79
2026-06-24 01:09:34, MOVE, v:1, k:ed@serial, mode:EDIT
2026-06-24 01:11:02, EXEC, v:1, k:ed@serial, mode:FULL, rate:100, size:80
2026-06-24 01:11:12, MOVE, v:1, k:ed@serial, mode:BACK
2026-06-24 01:11:53, SELF, v:1, k:ed@serial, self:1, rate:100, study:40
2026-06-24 01:12:11, MOVE, v:1, k:ed@formatada, mode:DOWN
2026-06-24 01:12:14, MOVE, v:1, k:ed@formatada, mode:PICK
2026-06-24 01:10:58, MOVE, v:1, k:ed@serial, mode:EDIT
2026-06-24 01:12:11, MOVE, v:1, k:ed@formatada, mode:EDIT
2026-06-24 01:12:11, MOVE, v:1, k:ed@formatada, mode:EDIT
2026-06-24 01:23:50, MOVE, v:1, k:ed@formatada, mode:EDIT
2026-06-24 01:29:15, MOVE, v:1, k:ed@formatada, mode:EDIT
2026-06-24 01:34:43, MOVE, v:1, k:ed@formatada, mode:EDIT
2026-06-24 01:34:51, EXEC, v:1, k:ed@formatada, mode:FULL, rate:100, size:101
2026-06-24 01:34:55, MOVE, v:1, k:ed@formatada, mode:BACK
2026-06-24 01:35:16, SELF, v:1, k:ed@formatada, self:1, rate:100, study:30
2026-06-24 01:35:51, MOVE, v:1, k:ed@altura, mode:DOWN
2026-06-24 01:35:56, MOVE, v:1, k:ed@altura, mode:PICK
2026-06-24 01:37:29, MOVE, v:1, k:ed@altura, mode:BACK
2026-06-24 01:37:41, MOVE, v:1, k:ed@inverter, mode:DOWN
2026-06-24 01:37:42, MOVE, v:1, k:ed@inverter, mode:PICK
2026-06-24 01:35:51, MOVE, v:1, k:ed@altura, mode:EDIT
2026-06-24 01:35:51, MOVE, v:1, k:ed@altura, mode:EDIT
2026-06-24 01:37:41, MOVE, v:1, k:ed@inverter, mode:EDIT
2026-06-24 01:39:48, MOVE, v:1, k:ed@inverter, mode:EDIT
2026-06-24 01:40:57, EXEC, v:1, k:ed@inverter, mode:FULL, rate:16, size:77
2026-06-24 01:42:13, EXEC, v:1, k:ed@inverter, mode:FULL, rate:100, size:77
2026-06-24 01:42:31, MOVE, v:1, k:ed@inverter, mode:BACK
2026-06-24 01:42:46, SELF, v:1, k:ed@inverter, self:1, rate:100, study:5
2026-06-24 01:43:02, MOVE, v:1, k:ed@clonar, mode:DOWN
2026-06-24 01:43:03, MOVE, v:1, k:ed@clonar, mode:PICK
2026-06-24 01:42:01, MOVE, v:1, k:ed@inverter, mode:EDIT
2026-06-24 01:43:02, MOVE, v:1, k:ed@clonar, mode:EDIT
2026-06-24 01:43:02, MOVE, v:1, k:ed@clonar, mode:EDIT
2026-06-24 01:48:27, EXEC, v:1, k:ed@clonar, mode:FULL, rate:0, size:81
2026-06-24 01:48:51, EXEC, v:1, k:ed@clonar, mode:FULL, rate:100, size:85
2026-06-24 01:48:54, MOVE, v:1, k:ed@clonar, mode:BACK
2026-06-24 01:49:01, SELF, v:1, k:ed@clonar, self:1, rate:100, study:5
2026-06-24 01:49:27, MOVE, v:1, k:ed@soma, mode:DOWN
2026-06-24 01:49:30, MOVE, v:1, k:ed@soma, mode:PICK
2026-06-24 01:48:46, MOVE, v:1, k:ed@clonar, mode:EDIT
2026-06-24 01:49:27, MOVE, v:1, k:ed@soma, mode:EDIT
2026-06-24 01:49:27, MOVE, v:1, k:ed@soma, mode:EDIT
2026-06-24 01:54:06, MOVE, v:1, k:ed@soma, mode:EDIT
2026-06-24 01:56:10, MOVE, v:1, k:ed@soma, mode:EDIT
2026-06-24 02:00:44, MOVE, v:1, k:ed@soma, mode:BACK
