2026-04-09 00:06:11, EXEC, v:1, k:ed@fractais_png, mode:LOCK, rate:0, size:122
2026-04-09 00:06:29, EXEC, v:1, k:ed@fractais_png, mode:LOCK, rate:0, size:122
2026-04-09 00:07:48, EXEC, v:1, k:ed@fractais_png, mode:LOCK, rate:0, size:122
2026-04-09 00:07:44, MOVE, v:1, k:ed@fractais_png, mode:EDIT
2026-04-09 00:08:02, MOVE, v:1, k:ed@fractais_png, mode:EDIT
2026-04-09 00:09:56, EXEC, v:1, k:ed@fractais_png, mode:LOCK, rate:0, size:121
2026-04-09 00:11:32, EXEC, v:1, k:ed@fractais_png, mode:LOCK, rate:0, size:120
2026-04-09 00:11:46, EXEC, v:1, k:ed@fractais_png, mode:LOCK, rate:0, size:120
2026-04-09 00:12:05, EXEC, v:1, k:ed@fractais_png, mode:LOCK, rate:0, size:120
2026-04-09 00:12:39, EXEC, v:1, k:ed@fractais_png, mode:LOCK, rate:0, size:120
2026-04-09 00:12:53, EXEC, v:1, k:ed@fractais_png, mode:LOCK, rate:0, size:120
2026-04-09 00:13:06, EXEC, v:1, k:ed@fractais_png, mode:LOCK, rate:0, size:120
2026-04-09 00:13:04, MOVE, v:1, k:ed@fractais_png, mode:EDIT
2026-04-09 00:13:06, MOVE, v:1, k:ed@fractais_png, mode:EDIT
2026-04-09 00:15:23, EXEC, v:1, k:ed@fractais_png, mode:LOCK, rate:0, size:123
2026-04-09 00:16:55, EXEC, v:1, k:ed@fractais_png, mode:LOCK, rate:0, size:123
2026-04-09 00:17:16, EXEC, v:1, k:ed@fractais_png, mode:LOCK, rate:0, size:123
2026-04-09 00:17:23, EXEC, v:1, k:ed@fractais_png, mode:LOCK, rate:0, size:123
2026-04-09 00:17:39, EXEC, v:1, k:ed@fractais_png, mode:LOCK, rate:0, size:123
2026-04-09 00:17:47, EXEC, v:1, k:ed@fractais_png, mode:LOCK, rate:0, size:123
2026-04-09 00:18:00, EXEC, v:1, k:ed@fractais_png, mode:LOCK, rate:0, size:123
2026-04-09 00:18:40, EXEC, v:1, k:ed@fractais_png, mode:LOCK, rate:0, size:123
2026-04-09 00:18:58, EXEC, v:1, k:ed@fractais_png, mode:LOCK, rate:0, size:123
2026-04-09 00:18:56, MOVE, v:1, k:ed@fractais_png, mode:EDIT
2026-04-09 00:18:58, MOVE, v:1, k:ed@fractais_png, mode:EDIT
2026-04-09 00:19:50, EXEC, v:1, k:ed@fractais_png, mode:LOCK, rate:0, size:123
2026-04-09 00:20:03, EXEC, v:1, k:ed@fractais_png, mode:LOCK, rate:0, size:123
2026-04-09 00:20:11, EXEC, v:1, k:ed@fractais_png, mode:LOCK, rate:0, size:123
2026-04-09 00:22:09, MOVE, v:1, k:ed@fractais_png, mode:EDIT
2026-04-09 00:20:11, MOVE, v:1, k:ed@fractais_png, mode:EDIT
2026-04-09 00:24:58, MOVE, v:1, k:ed@fractais_png, mode:BACK
2026-04-09 18:19:17, MOVE, v:1, k:ed@mdc, mode:DOWN
2026-04-09 18:19:25, MOVE, v:1, k:ed@mdc, mode:PICK
2026-04-09 18:19:17, MOVE, v:1, k:ed@mdc, mode:EDIT
2026-04-09 18:19:17, MOVE, v:1, k:ed@mdc, mode:EDIT
2026-04-09 18:46:30, EXEC, v:1, k:ed@mdc, mode:FULL, rate:0, size:39
2026-04-09 18:48:25, EXEC, v:1, k:ed@mdc, mode:FULL, rate:20, size:41
2026-04-09 18:48:21, MOVE, v:1, k:ed@mdc, mode:EDIT
2026-04-09 18:52:39, EXEC, v:1, k:ed@mdc, mode:FULL, rate:0, size:41
2026-04-09 18:52:36, MOVE, v:1, k:ed@mdc, mode:EDIT
2026-04-09 18:56:08, EXEC, v:1, k:ed@mdc, mode:FULL, rate:0, size:41
2026-04-09 18:57:42, EXEC, v:1, k:ed@mdc, mode:FULL, rate:0, size:45
2026-04-09 18:57:38, MOVE, v:1, k:ed@mdc, mode:EDIT
2026-04-09 19:02:19, EXEC, v:1, k:ed@mdc, mode:FULL, rate:100, size:35
2026-04-09 19:02:48, MOVE, v:1, k:ed@mdc, mode:BACK
2026-04-09 19:03:16, SELF, v:1, k:ed@mdc, self:1, rate:100, study:25
2026-04-09 19:02:16, MOVE, v:1, k:ed@mdc, mode:EDIT
2026-04-09 19:03:57, SELF, v:1, k:ed@mdc, self:1, rate:100, study:25
