2026-05-30 15:08:45, MOVE, v:1, k:ed@bufferring, mode:PICK
2026-05-30 15:09:38, EXEC, v:1, k:ed@bufferring, mode:FULL, rate:0
2026-05-30 15:28:25, MOVE, v:1, k:ed@bufferring, mode:BACK
2026-05-30 15:30:27, MOVE, v:1, k:ed@pilhado, mode:DOWN
2026-05-30 15:30:28, MOVE, v:1, k:ed@pilhado, mode:PICK
2026-05-30 15:30:27, MOVE, v:1, k:ed@pilhado, mode:EDIT
2026-05-30 15:30:27, MOVE, v:1, k:ed@pilhado, mode:EDIT
2026-05-30 15:30:27, MOVE, v:1, k:ed@pilhado, mode:EDIT
2026-05-30 15:30:27, MOVE, v:1, k:ed@pilhado, mode:EDIT
2026-05-30 15:38:24, MOVE, v:1, k:ed@pilhado, mode:EDIT
2026-05-30 15:43:00, MOVE, v:1, k:ed@pilhado, mode:EDIT
2026-05-30 16:09:47, MOVE, v:1, k:ed@pilhado, mode:EDIT
2026-05-30 16:14:53, MOVE, v:1, k:ed@pilhado, mode:EDIT
2026-05-30 16:16:53, EXEC, v:1, k:ed@pilhado, mode:FULL, size:77, fail:COMP
2026-05-30 16:19:03, MOVE, v:1, k:ed@pilhado, mode:EDIT
2026-05-30 16:23:21, MOVE, v:1, k:ed@pilhado, mode:EDIT
2026-05-30 16:25:37, MOVE, v:1, k:ed@pilhado, mode:EDIT
2026-05-30 16:33:26, MOVE, v:1, k:ed@pilhado, mode:EDIT
2026-05-30 16:38:14, EXEC, v:1, k:ed@pilhado, mode:FULL, rate:0, size:101
2026-05-30 16:39:18, EXEC, v:1, k:ed@pilhado, mode:FULL, rate:0, size:104
2026-05-30 16:39:16, MOVE, v:1, k:ed@pilhado, mode:EDIT
2026-05-30 16:47:20, EXEC, v:1, k:ed@pilhado, mode:FULL, rate:0, size:104
2026-05-30 16:49:16, MOVE, v:1, k:ed@pilhado, mode:EDIT
2026-05-30 16:53:05, EXEC, v:1, k:ed@pilhado, mode:FULL, rate:0, size:100
2026-05-30 16:54:01, EXEC, v:1, k:ed@pilhado, mode:FULL, rate:0, size:102
2026-05-30 16:54:00, MOVE, v:1, k:ed@pilhado, mode:EDIT
2026-05-30 16:56:50, MOVE, v:1, k:ed@pilhado, mode:BACK
2026-05-30 16:57:00, MOVE, v:1, k:ed@dfs_read, mode:DOWN
2026-05-30 16:57:29, MOVE, v:1, k:ed@queimando, mode:DOWN
2026-05-30 16:57:29, MOVE, v:1, k:ed@queimando, mode:PICK
2026-05-30 16:55:02, MOVE, v:1, k:ed@pilhado, mode:EDIT
2026-05-30 16:57:00, MOVE, v:1, k:ed@dfs_read, mode:EDIT
2026-05-30 16:57:00, MOVE, v:1, k:ed@dfs_read, mode:EDIT
2026-05-30 16:57:29, MOVE, v:1, k:ed@queimando, mode:EDIT
2026-05-30 16:57:29, MOVE, v:1, k:ed@queimando, mode:EDIT
2026-05-30 16:58:53, MOVE, v:1, k:ed@queimando, mode:EDIT
2026-05-30 16:57:29, MOVE, v:1, k:ed@queimando, mode:EDIT
2026-05-30 17:01:16, MOVE, v:1, k:ed@queimando, mode:BACK
2026-05-30 17:11:11, MOVE, v:1, k:ed@pilhado, mode:EDIT
2026-05-30 17:23:57, MOVE, v:1, k:ed@pilhado, mode:EDIT
2026-05-30 17:28:12, MOVE, v:1, k:ed@pilhado, mode:EDIT
2026-05-30 17:34:08, MOVE, v:1, k:ed@pilhado, mode:EDIT
2026-05-30 17:38:34, MOVE, v:1, k:ed@pilhado, mode:EDIT
2026-05-30 17:43:14, MOVE, v:1, k:ed@pilhado, mode:PICK
2026-05-30 17:43:18, EXEC, v:1, k:ed@pilhado, mode:FULL, rate:0, size:117
2026-05-30 17:43:45, EXEC, v:1, k:ed@pilhado, mode:FULL, rate:0, size:116
2026-05-30 17:43:26, MOVE, v:1, k:ed@pilhado, mode:EDIT
2026-05-30 17:48:04, EXEC, v:1, k:ed@pilhado, mode:FULL, rate:100, size:116
2026-05-30 17:48:11, MOVE, v:1, k:ed@pilhado, mode:BACK
2026-05-30 17:48:16, MOVE, v:1, k:ed@pilhado, mode:PICK
2026-05-30 17:48:17, EXEC, v:1, k:ed@pilhado, mode:FULL, rate:100
2026-05-30 17:48:30, EXEC, v:1, k:ed@pilhado, mode:FULL, rate:100
2026-05-30 17:48:31, EXEC, v:1, k:ed@pilhado, mode:FULL, rate:100
2026-05-30 17:48:32, MOVE, v:1, k:ed@pilhado, mode:BACK
2026-05-30 17:47:54, MOVE, v:1, k:ed@pilhado, mode:EDIT
2026-05-30 17:55:58, SELF, v:1, k:ed@pilhado, self:1, rate:100, study:120, concept:1
2026-05-30 18:10:26, MOVE, v:1, k:ed@fractais_png, mode:PICK
2026-05-30 18:10:28, MOVE, v:1, k:ed@fractais_png, mode:BACK
2026-05-30 18:11:29, MOVE, v:1, k:ed@queimando, mode:PICK
2026-05-30 18:22:26, MOVE, v:1, k:ed@queimando, mode:BACK
2026-05-30 18:22:33, MOVE, v:1, k:ed@queimando, mode:PICK
2026-05-30 18:33:06, MOVE, v:1, k:ed@queimando, mode:BACK
2026-05-30 18:33:10, MOVE, v:1, k:ed@pilhado, mode:PICK
2026-05-30 18:35:29, MOVE, v:1, k:ed@pilhado, mode:BACK
2026-05-30 18:38:19, MOVE, v:1, k:ed@editorint, mode:PICK
2026-05-30 18:39:51, MOVE, v:1, k:ed@editorint, mode:BACK
2026-05-30 18:40:01, MOVE, v:1, k:ed@ilhas, mode:DOWN
2026-05-30 18:40:10, MOVE, v:1, k:ed@ilhas, mode:PICK
2026-05-30 18:40:01, MOVE, v:1, k:ed@ilhas, mode:EDIT
2026-05-30 18:40:01, MOVE, v:1, k:ed@ilhas, mode:EDIT
2026-05-30 18:43:29, MOVE, v:1, k:ed@ilhas, mode:EDIT
2026-05-30 18:56:00, MOVE, v:1, k:ed@ilhas, mode:EDIT
2026-05-30 20:24:59, MOVE, v:1, k:ed@ilhas, mode:EDIT
2026-05-30 20:28:38, MOVE, v:1, k:ed@ilhas, mode:EDIT
2026-05-30 20:33:03, MOVE, v:1, k:ed@ilhas, mode:EDIT
2026-05-30 20:36:31, MOVE, v:1, k:ed@ilhas, mode:EDIT
2026-05-30 20:44:51, MOVE, v:1, k:ed@ilhas, mode:EDIT
2026-05-30 20:45:08, MOVE, v:1, k:ed@ilhas, mode:EDIT
2026-05-30 21:01:58, MOVE, v:1, k:ed@ilhas, mode:BACK
