2026-04-12 16:46:31, MOVE, v:1, k:ed@vetequals, mode:PICK
2026-04-12 16:52:28, EXEC, v:1, k:ed@vetequals, mode:FULL, rate:20, size:55
2026-04-12 16:54:31, EXEC, v:1, k:ed@vetequals, mode:FULL, rate:80, size:57
2026-04-12 16:54:28, MOVE, v:1, k:ed@vetequals, mode:EDIT
2026-04-12 16:59:17, EXEC, v:1, k:ed@vetequals, mode:FULL, rate:100, size:58
2026-04-12 16:59:26, MOVE, v:1, k:ed@vetequals, mode:BACK
2026-04-12 16:59:46, SELF, v:1, k:ed@vetequals, self:1, rate:100, study:7
2026-04-12 16:59:54, MOVE, v:1, k:ed@vetequals, mode:PICK
2026-04-12 16:59:13, MOVE, v:1, k:ed@vetequals, mode:EDIT
2026-04-12 17:03:12, EXEC, v:1, k:ed@vetequals, mode:FULL, rate:100
2026-04-12 17:03:13, MOVE, v:1, k:ed@vetequals, mode:BACK
2026-04-12 17:04:17, SELF, v:1, k:ed@vetequals, self:1, rate:100, study:12
2026-04-12 17:04:33, MOVE, v:1, k:ed@queimada, mode:DOWN
2026-04-12 17:04:36, MOVE, v:1, k:ed@queimada, mode:PICK
2026-04-12 17:04:47, MOVE, v:1, k:ed@queimada, mode:BACK
2026-04-12 17:04:49, MOVE, v:1, k:ed@vetequals, mode:PICK
2026-04-12 17:04:56, EXEC, v:1, k:ed@vetequals, mode:FULL, rate:100
2026-04-12 17:04:58, MOVE, v:1, k:ed@vetequals, mode:BACK
2026-04-12 17:05:06, MOVE, v:1, k:ed@queimada, mode:PICK
2026-04-12 17:04:33, MOVE, v:1, k:ed@queimada, mode:EDIT
2026-04-12 17:04:33, MOVE, v:1, k:ed@queimada, mode:EDIT
2026-04-12 17:04:33, MOVE, v:1, k:ed@queimada, mode:EDIT
2026-04-12 17:06:08, MOVE, v:1, k:ed@queimada, mode:BACK
2026-04-12 17:06:12, MOVE, v:1, k:ed@fractais_png, mode:PICK
2026-04-12 17:09:06, MOVE, v:1, k:ed@fractais_png, mode:BACK
2026-04-12 17:09:08, MOVE, v:1, k:ed@fractais_png, mode:PICK
2026-04-12 17:09:12, MOVE, v:1, k:ed@fractais_png, mode:BACK
2026-04-12 17:09:15, MOVE, v:1, k:ed@queimada, mode:PICK
2026-04-12 18:47:40, MOVE, v:1, k:ed@queimada, mode:BACK
2026-04-12 22:57:01, MOVE, v:1, k:ed@queimada, mode:PICK
2026-04-12 22:59:18, MOVE, v:1, k:ed@queimada, mode:BACK
