2026-04-16 14:04:14, MOVE, v:1, k:ed@fractais_png, mode:PICK
2026-04-16 14:04:54, EXEC, v:1, k:ed@fractais_png, mode:LOCK, rate:0, size:124
2026-04-16 14:05:03, EXEC, v:1, k:ed@fractais_png, mode:LOCK, rate:0, size:124
2026-04-16 14:05:02, MOVE, v:1, k:ed@fractais_png, mode:EDIT
2026-04-16 14:05:03, MOVE, v:1, k:ed@fractais_png, mode:EDIT
2026-04-16 14:11:16, EXEC, v:1, k:ed@fractais_png, mode:LOCK, rate:0, size:125
2026-04-16 14:11:45, EXEC, v:1, k:ed@fractais_png, mode:LOCK, rate:0, size:124
2026-04-16 14:11:56, EXEC, v:1, k:ed@fractais_png, mode:LOCK, rate:0, size:123
2026-04-16 14:12:46, EXEC, v:1, k:ed@fractais_png, mode:LOCK, rate:0, size:124
2026-04-16 14:14:26, EXEC, v:1, k:ed@fractais_png, mode:LOCK, rate:0, size:126
2026-04-16 14:14:42, EXEC, v:1, k:ed@fractais_png, mode:LOCK, rate:0, size:125
2026-04-16 14:15:01, EXEC, v:1, k:ed@fractais_png, mode:LOCK, rate:0, size:126
2026-04-16 14:15:11, MOVE, v:1, k:ed@fractais_png, mode:PICK
2026-04-16 14:15:36, EXEC, v:1, k:ed@fractais_png, mode:LOCK, rate:0, size:126
2026-04-16 14:18:18, EXEC, v:1, k:ed@fractais_png, mode:LOCK, rate:0, size:125
2026-04-16 14:18:14, MOVE, v:1, k:ed@fractais_png, mode:EDIT
2026-04-16 14:18:18, MOVE, v:1, k:ed@fractais_png, mode:EDIT
2026-04-16 14:21:42, EXEC, v:1, k:ed@fractais_png, mode:LOCK, rate:0, size:125
2026-04-16 14:22:29, EXEC, v:1, k:ed@fractais_png, mode:LOCK, rate:0, size:125
2026-04-16 14:23:55, EXEC, v:1, k:ed@fractais_png, mode:LOCK, rate:0, size:126
2026-04-16 14:24:08, EXEC, v:1, k:ed@fractais_png, mode:LOCK, rate:0, size:127
2026-04-16 14:24:46, EXEC, v:1, k:ed@fractais_png, mode:LOCK, rate:0, size:125
2026-04-16 14:24:42, MOVE, v:1, k:ed@fractais_png, mode:EDIT
2026-04-16 14:24:46, MOVE, v:1, k:ed@fractais_png, mode:EDIT
2026-04-16 14:26:51, EXEC, v:1, k:ed@fractais_png, mode:LOCK, rate:0
2026-04-16 14:27:05, EXEC, v:1, k:ed@fractais_png, mode:LOCK, rate:0, size:124
2026-04-16 14:27:31, EXEC, v:1, k:ed@fractais_png, mode:LOCK, rate:0, size:124
2026-04-16 14:27:36, EXEC, v:1, k:ed@fractais_png, mode:LOCK, rate:0, size:125
2026-04-16 14:27:50, EXEC, v:1, k:ed@fractais_png, mode:LOCK, rate:0, size:125
2026-04-16 14:28:07, EXEC, v:1, k:ed@fractais_png, mode:LOCK, rate:0, size:125
2026-04-16 14:28:13, EXEC, v:1, k:ed@fractais_png, mode:LOCK, rate:0, size:125
2026-04-16 14:28:20, EXEC, v:1, k:ed@fractais_png, mode:LOCK, rate:0, size:125
2026-04-16 14:28:26, EXEC, v:1, k:ed@fractais_png, mode:LOCK, rate:0, size:125
2026-04-16 14:28:39, EXEC, v:1, k:ed@fractais_png, mode:LOCK, rate:0, size:125
2026-04-16 14:29:04, EXEC, v:1, k:ed@fractais_png, mode:LOCK, rate:0, size:125
2026-04-16 14:29:20, EXEC, v:1, k:ed@fractais_png, mode:LOCK, rate:0, size:125
2026-04-16 14:29:34, EXEC, v:1, k:ed@fractais_png, mode:LOCK, rate:0, size:125
2026-04-16 14:29:39, EXEC, v:1, k:ed@fractais_png, mode:LOCK, rate:0, size:125
2026-04-16 14:29:54, EXEC, v:1, k:ed@fractais_png, mode:LOCK, rate:0, size:125
2026-04-16 14:29:54, MOVE, v:1, k:ed@fractais_png, mode:EDIT
2026-04-16 14:29:47, MOVE, v:1, k:ed@fractais_png, mode:EDIT
2026-04-16 14:30:23, EXEC, v:1, k:ed@fractais_png, mode:LOCK, rate:0, size:125
2026-04-16 14:30:37, EXEC, v:1, k:ed@fractais_png, mode:LOCK, rate:0, size:125
2026-04-16 14:30:46, EXEC, v:1, k:ed@fractais_png, mode:LOCK, rate:0, size:125
2026-04-16 14:30:58, EXEC, v:1, k:ed@fractais_png, mode:LOCK, rate:0, size:125
2026-04-16 14:31:06, EXEC, v:1, k:ed@fractais_png, mode:LOCK, rate:0, size:125
2026-04-16 14:31:21, EXEC, v:1, k:ed@fractais_png, mode:LOCK, rate:0, size:125
2026-04-16 14:31:46, EXEC, v:1, k:ed@fractais_png, mode:LOCK, rate:0, size:125
2026-04-16 14:31:55, EXEC, v:1, k:ed@fractais_png, mode:LOCK, rate:0, size:125
2026-04-16 14:32:04, EXEC, v:1, k:ed@fractais_png, mode:LOCK, rate:0, size:125
2026-04-16 14:32:18, EXEC, v:1, k:ed@fractais_png, mode:LOCK, rate:0, size:125
2026-04-16 14:32:37, EXEC, v:1, k:ed@fractais_png, mode:LOCK, rate:0, size:125
2026-04-16 14:32:48, EXEC, v:1, k:ed@fractais_png, mode:LOCK, rate:0, size:125
2026-04-16 14:33:11, EXEC, v:1, k:ed@fractais_png, mode:LOCK, rate:0, size:125
2026-04-16 14:33:36, EXEC, v:1, k:ed@fractais_png, mode:LOCK, rate:0, size:125
2026-04-16 14:33:45, EXEC, v:1, k:ed@fractais_png, mode:LOCK, rate:0, size:125
2026-04-16 14:33:43, MOVE, v:1, k:ed@fractais_png, mode:EDIT
2026-04-16 14:33:45, MOVE, v:1, k:ed@fractais_png, mode:EDIT
2026-04-16 14:39:29, EXEC, v:1, k:ed@fractais_png, mode:LOCK, rate:0, size:125
2026-04-16 14:39:22, MOVE, v:1, k:ed@fractais_png, mode:EDIT
2026-04-16 14:35:21, MOVE, v:1, k:ed@fractais_png, mode:EDIT
2026-04-16 14:35:54, MOVE, v:1, k:ed@fractais_png, mode:EDIT
2026-04-16 14:39:29, MOVE, v:1, k:ed@fractais_png, mode:EDIT
2026-04-16 14:41:15, EXEC, v:1, k:ed@fractais_png, mode:LOCK, rate:0, size:128
2026-04-16 14:41:43, EXEC, v:1, k:ed@fractais_png, mode:LOCK, rate:0, size:127
2026-04-16 14:43:40, EXEC, v:1, k:ed@fractais_png, mode:LOCK, rate:0, size:119
2026-04-16 14:43:36, MOVE, v:1, k:ed@fractais_png, mode:EDIT
2026-04-16 14:43:40, MOVE, v:1, k:ed@fractais_png, mode:EDIT
2026-04-16 14:50:45, EXEC, v:1, k:ed@fractais_png, mode:LOCK, rate:0, size:122
2026-04-16 14:53:10, EXEC, v:1, k:ed@fractais_png, mode:LOCK, rate:0, size:123
2026-04-16 14:53:08, MOVE, v:1, k:ed@fractais_png, mode:EDIT
2026-04-16 14:53:10, MOVE, v:1, k:ed@fractais_png, mode:EDIT
2026-04-16 14:55:55, EXEC, v:1, k:ed@fractais_png, mode:LOCK, rate:0, size:129
2026-04-16 14:55:51, MOVE, v:1, k:ed@fractais_png, mode:EDIT
2026-04-16 14:55:55, MOVE, v:1, k:ed@fractais_png, mode:EDIT
2026-04-16 15:04:32, MOVE, v:1, k:ed@fractais_png, mode:BACK
2026-04-16 17:58:22, MOVE, v:1, k:ed@fractais_png, mode:PICK
2026-04-16 18:00:08, EXEC, v:1, k:ed@fractais_png, mode:LOCK, rate:0, size:124
2026-04-16 18:00:22, EXEC, v:1, k:ed@fractais_png, mode:LOCK, rate:0, size:120
2026-04-16 18:01:15, EXEC, v:1, k:ed@fractais_png, mode:LOCK, rate:0, size:120
2026-04-16 18:01:45, EXEC, v:1, k:ed@fractais_png, mode:LOCK, rate:0, size:121
2026-04-16 18:01:44, MOVE, v:1, k:ed@fractais_png, mode:EDIT
2026-04-16 18:01:45, MOVE, v:1, k:ed@fractais_png, mode:EDIT
2026-04-16 18:04:01, EXEC, v:1, k:ed@fractais_png, mode:LOCK, rate:0, size:125
2026-04-16 18:04:23, EXEC, v:1, k:ed@fractais_png, mode:LOCK, rate:0, size:125
2026-04-16 18:04:31, EXEC, v:1, k:ed@fractais_png, mode:LOCK, rate:0, size:125
2026-04-16 18:06:20, EXEC, v:1, k:ed@fractais_png, mode:LOCK, rate:0, size:125
2026-04-16 18:06:17, MOVE, v:1, k:ed@fractais_png, mode:EDIT
2026-04-16 18:06:20, MOVE, v:1, k:ed@fractais_png, mode:EDIT
2026-04-16 18:09:47, EXEC, v:1, k:ed@fractais_png, mode:LOCK, rate:0, size:124
2026-04-16 18:12:26, EXEC, v:1, k:ed@fractais_png, mode:LOCK, rate:0, size:127
2026-04-16 18:12:22, MOVE, v:1, k:ed@fractais_png, mode:EDIT
2026-04-16 18:12:26, MOVE, v:1, k:ed@fractais_png, mode:EDIT
2026-04-16 18:15:54, EXEC, v:1, k:ed@fractais_png, mode:LOCK, rate:0, size:128
2026-04-16 18:16:03, EXEC, v:1, k:ed@fractais_png, mode:LOCK, rate:0, size:128
2026-04-16 18:16:01, MOVE, v:1, k:ed@fractais_png, mode:EDIT
2026-04-16 18:16:03, MOVE, v:1, k:ed@fractais_png, mode:EDIT
2026-04-16 18:20:36, EXEC, v:1, k:ed@fractais_png, mode:LOCK, rate:0, size:129
2026-04-16 18:20:33, MOVE, v:1, k:ed@fractais_png, mode:EDIT
2026-04-16 18:20:36, MOVE, v:1, k:ed@fractais_png, mode:EDIT
2026-04-16 18:40:04, EXEC, v:1, k:ed@fractais_png, mode:LOCK, rate:0, size:123
2026-04-16 18:40:44, EXEC, v:1, k:ed@fractais_png, mode:LOCK, rate:0
2026-04-16 18:40:49, EXEC, v:1, k:ed@fractais_png, mode:LOCK, rate:0, size:123
2026-04-16 18:40:58, EXEC, v:1, k:ed@fractais_png, mode:LOCK, rate:0, size:123
2026-04-16 18:42:13, MOVE, v:1, k:ed@fractais_png, mode:EDIT
2026-04-16 18:40:58, MOVE, v:1, k:ed@fractais_png, mode:EDIT
2026-04-16 18:44:49, EXEC, v:1, k:ed@fractais_png, mode:LOCK, rate:0, size:122
2026-04-16 18:44:46, MOVE, v:1, k:ed@fractais_png, mode:EDIT
2026-04-16 18:44:49, MOVE, v:1, k:ed@fractais_png, mode:EDIT
2026-04-16 18:53:33, EXEC, v:1, k:ed@fractais_png, mode:LOCK, rate:0
2026-04-16 18:53:30, MOVE, v:1, k:ed@fractais_png, mode:EDIT
2026-04-16 18:53:33, MOVE, v:1, k:ed@fractais_png, mode:EDIT
2026-04-16 18:59:10, EXEC, v:1, k:ed@fractais_png, mode:LOCK, rate:0, size:123
2026-04-16 18:59:24, EXEC, v:1, k:ed@fractais_png, mode:LOCK, rate:0, size:123
2026-04-16 18:59:46, EXEC, v:1, k:ed@fractais_png, mode:LOCK, rate:0, size:123
2026-04-16 18:59:44, MOVE, v:1, k:ed@fractais_png, mode:EDIT
2026-04-16 18:59:46, MOVE, v:1, k:ed@fractais_png, mode:EDIT
2026-04-16 19:09:03, EXEC, v:1, k:ed@fractais_png, mode:LOCK, rate:0, size:124
2026-04-16 19:08:57, MOVE, v:1, k:ed@fractais_png, mode:EDIT
2026-04-16 19:09:03, MOVE, v:1, k:ed@fractais_png, mode:EDIT
2026-04-16 19:19:18, MOVE, v:1, k:ed@fractais_png, mode:BACK
