2026-03-31 15:43:10, MOVE, v:1, k:ed@manipulacao, mode:PICK
2026-03-31 16:02:52, EXEC, v:1, k:ed@manipulacao, mode:FULL, rate:71, size:164
2026-03-31 16:04:34, EXEC, v:1, k:ed@manipulacao, mode:FULL, rate:71, size:165
2026-03-31 16:07:47, EXEC, v:1, k:ed@manipulacao, mode:FULL, rate:71, size:165
2026-03-31 16:09:05, EXEC, v:1, k:ed@manipulacao, mode:FULL, rate:71, size:165
2026-03-31 16:09:28, EXEC, v:1, k:ed@manipulacao, mode:FULL, rate:71, size:165
2026-03-31 16:09:58, EXEC, v:1, k:ed@manipulacao, mode:FULL, rate:71, size:165
2026-03-31 16:12:32, EXEC, v:1, k:ed@manipulacao, mode:FULL, rate:71, size:165
2026-03-31 16:14:19, EXEC, v:1, k:ed@manipulacao, mode:FULL, rate:71, size:167
2026-03-31 16:18:15, EXEC, v:1, k:ed@manipulacao, mode:FULL, rate:71, size:169
2026-03-31 16:25:33, EXEC, v:1, k:ed@manipulacao, mode:FULL, rate:71, size:171
2026-03-31 16:26:21, EXEC, v:1, k:ed@manipulacao, mode:FULL, rate:71, size:171
2026-03-31 16:30:19, EXEC, v:1, k:ed@manipulacao, mode:FULL, rate:85, size:171
2026-03-31 16:32:21, EXEC, v:1, k:ed@manipulacao, mode:FULL, rate:85
2026-03-31 16:41:11, EXEC, v:1, k:ed@manipulacao, mode:FULL, rate:85, size:180
2026-03-31 16:42:53, EXEC, v:1, k:ed@manipulacao, mode:FULL, rate:85, size:180
2026-03-31 16:43:44, EXEC, v:1, k:ed@manipulacao, mode:FULL, rate:85, size:185
2026-03-31 16:46:04, EXEC, v:1, k:ed@manipulacao, mode:FULL, rate:85, size:186
2026-03-31 16:47:10, EXEC, v:1, k:ed@manipulacao, mode:FULL, rate:85, size:186
2026-03-31 17:03:28, EXEC, v:1, k:ed@manipulacao, mode:FULL, rate:85, size:190
2026-03-31 17:07:15, EXEC, v:1, k:ed@manipulacao, mode:FULL, size:196, fail:COMP
2026-03-31 17:07:28, EXEC, v:1, k:ed@manipulacao, mode:FULL, size:196, fail:COMP
2026-03-31 17:07:50, EXEC, v:1, k:ed@manipulacao, mode:FULL, rate:85, size:196
2026-03-31 17:10:51, EXEC, v:1, k:ed@manipulacao, mode:FULL, rate:85, size:196
2026-03-31 17:13:16, EXEC, v:1, k:ed@manipulacao, mode:FULL, rate:100, size:186
2026-03-31 17:13:26, MOVE, v:1, k:ed@manipulacao, mode:BACK
2026-03-31 17:13:43, MOVE, v:1, k:ed@manipulacao, mode:PICK
2026-03-31 17:13:45, EXEC, v:1, k:ed@manipulacao, mode:FULL, rate:100
2026-03-31 17:13:48, EXEC, v:1, k:ed@manipulacao, mode:FULL, rate:100
2026-03-31 17:13:52, MOVE, v:1, k:ed@manipulacao, mode:BACK
2026-03-31 17:15:36, SELF, v:1, k:ed@manipulacao, self:1, rate:100, study:240, concept:1, debug:1
2026-03-31 17:16:26, SELF, v:1, k:ed@manipulacao, self:1, rate:100, study:260, concept:1, debug:1
2026-03-31 17:17:15, SELF, v:1, k:ed@manipulacao, self:1, rate:100, study:260, concept:1
2026-03-31 17:21:11, SELF, v:1, k:ed@manipulacao, self:1, rate:100, study:240, concept:1
