2026-05-10 16:02:18, MOVE, v:1, k:ed@lista_d2, mode:PICK
2026-05-10 16:06:11, MOVE, v:1, k:ed@lista_d2, mode:EDIT
2026-05-10 16:08:47, EXEC, v:1, k:ed@lista_d2, mode:FULL, rate:20, size:229
2026-05-10 16:10:58, EXEC, v:1, k:ed@lista_d2, mode:FULL, rate:40, size:229
2026-05-10 16:10:54, MOVE, v:1, k:ed@lista_d2, mode:EDIT
2026-05-10 16:16:06, MOVE, v:1, k:ed@lista_d2, mode:EDIT
2026-05-10 16:18:49, EXEC, v:1, k:ed@lista_d2, mode:FULL, rate:40, size:239
2026-05-10 16:19:53, EXEC, v:1, k:ed@lista_d2, mode:FULL, rate:60, size:245
2026-05-10 16:20:37, MOVE, v:1, k:ed@lista_d2, mode:EDIT
2026-05-10 16:22:23, EXEC, v:1, k:ed@lista_d2, mode:FULL, rate:80, size:245
2026-05-10 16:25:27, EXEC, v:1, k:ed@lista_d2, mode:FULL, rate:100, size:245
2026-05-10 16:26:12, MOVE, v:1, k:ed@lista_d2, mode:EDIT
2026-05-10 16:27:24, EXEC, v:1, k:ed@lista_d2, mode:FULL, rate:100, size:259
2026-05-10 16:27:27, MOVE, v:1, k:ed@lista_d2, mode:BACK
2026-05-10 16:30:32, SELF, v:1, k:ed@lista_d2, self:1, rate:100, study:150, concept:1
2026-05-10 18:27:07, MOVE, v:1, k:ed@lista_d4, mode:DOWN
2026-05-10 18:27:08, MOVE, v:1, k:ed@lista_d4, mode:PICK
2026-05-10 18:28:31, MOVE, v:1, k:ed@lista_d4, mode:BACK
2026-05-10 18:28:33, MOVE, v:1, k:ed@lista_d4, mode:PICK
2026-05-10 18:27:07, MOVE, v:1, k:ed@lista_d4, mode:EDIT
2026-05-10 18:27:07, MOVE, v:1, k:ed@lista_d4, mode:EDIT
2026-05-10 18:27:07, MOVE, v:1, k:ed@lista_d4, mode:EDIT
2026-05-10 18:27:07, MOVE, v:1, k:ed@lista_d4, mode:EDIT
2026-05-10 18:40:11, MOVE, v:1, k:ed@lista_d4, mode:EDIT
2026-05-10 18:51:44, MOVE, v:1, k:ed@lista_d4, mode:EDIT
2026-05-10 18:54:55, MOVE, v:1, k:ed@lista_d4, mode:EDIT
2026-05-10 18:59:48, MOVE, v:1, k:ed@lista_d4, mode:EDIT
2026-05-10 19:03:34, MOVE, v:1, k:ed@lista_d4, mode:EDIT
2026-05-10 19:11:50, MOVE, v:1, k:ed@lista_d4, mode:EDIT
2026-05-10 19:14:10, EXEC, v:1, k:ed@lista_d4, mode:FULL, rate:66, size:147
2026-05-10 19:16:25, EXEC, v:1, k:ed@lista_d4, mode:FULL, size:147, fail:COMP
2026-05-10 19:14:42, MOVE, v:1, k:ed@lista_d4, mode:EDIT
2026-05-10 19:20:07, EXEC, v:1, k:ed@lista_d4, mode:FULL, size:143, fail:COMP
2026-05-10 19:20:04, MOVE, v:1, k:ed@lista_d4, mode:EDIT
2026-05-10 19:22:37, EXEC, v:1, k:ed@lista_d4, mode:FULL, rate:100, size:150
2026-05-10 19:22:52, MOVE, v:1, k:ed@lista_d4, mode:BACK
2026-05-10 19:23:10, SELF, v:1, k:ed@lista_d4, self:1, rate:100, study:40
2026-05-10 19:22:27, MOVE, v:1, k:ed@lista_d4, mode:EDIT
