2026-04-26 00:18:40, EXEC, v:1, k:ed@vetbuild, mode:FULL, size:169, fail:COMP
2026-04-26 00:18:37, MOVE, v:1, k:ed@vetbuild, mode:EDIT
2026-04-26 00:23:20, EXEC, v:1, k:ed@vetbuild, mode:FULL, rate:18, size:170
2026-04-26 00:23:14, MOVE, v:1, k:ed@vetbuild, mode:EDIT
2026-04-26 00:51:18, EXEC, v:1, k:ed@vetbuild, mode:FULL, rate:27, size:169
2026-04-26 00:51:12, MOVE, v:1, k:ed@vetbuild, mode:EDIT
2026-04-26 00:55:52, EXEC, v:1, k:ed@vetbuild, mode:FULL, rate:36, size:173
2026-04-26 00:55:49, MOVE, v:1, k:ed@vetbuild, mode:EDIT
2026-04-26 11:13:11, MOVE, v:1, k:ed@vetbuild, mode:PICK
2026-04-26 11:39:50, EXEC, v:1, k:ed@vetbuild, mode:FULL, rate:45, size:186
2026-04-26 11:38:49, MOVE, v:1, k:ed@vetbuild, mode:EDIT
2026-04-26 11:47:24, MOVE, v:1, k:ed@vetbuild, mode:EDIT
2026-04-26 11:49:28, EXEC, v:1, k:ed@vetbuild, mode:FULL, rate:54, size:194
2026-04-26 13:56:59, EXEC, v:1, k:ed@vetbuild, mode:FULL, size:213, fail:COMP
2026-04-26 13:57:15, EXEC, v:1, k:ed@vetbuild, mode:FULL, rate:54, size:213
2026-04-26 13:57:27, EXEC, v:1, k:ed@vetbuild, mode:FULL, rate:54, size:214
2026-04-26 13:58:20, EXEC, v:1, k:ed@vetbuild, mode:FULL, rate:72, size:214
2026-04-26 13:58:13, MOVE, v:1, k:ed@vetbuild, mode:EDIT
2026-04-26 14:13:23, EXEC, v:1, k:ed@vetbuild, mode:FULL, rate:72, size:225
2026-04-26 14:14:07, EXEC, v:1, k:ed@vetbuild, mode:FULL, rate:81, size:225
2026-04-26 14:16:20, EXEC, v:1, k:ed@vetbuild, mode:FULL, rate:81, size:234
2026-04-26 14:16:17, MOVE, v:1, k:ed@vetbuild, mode:EDIT
2026-04-26 14:16:47, EXEC, v:1, k:ed@vetbuild, mode:FULL, rate:81, size:234
2026-04-26 14:20:03, EXEC, v:1, k:ed@vetbuild, mode:FULL, rate:90, size:243
2026-04-26 14:20:00, MOVE, v:1, k:ed@vetbuild, mode:EDIT
2026-04-26 14:41:33, EXEC, v:1, k:ed@vetbuild, mode:FULL, rate:90, size:254
2026-04-26 14:41:27, MOVE, v:1, k:ed@vetbuild, mode:EDIT
2026-04-26 14:45:24, EXEC, v:1, k:ed@vetbuild, mode:FULL, rate:90, size:255
2026-04-26 14:45:20, MOVE, v:1, k:ed@vetbuild, mode:EDIT
2026-04-26 14:47:10, EXEC, v:1, k:ed@vetbuild, mode:FULL, rate:90, size:255
2026-04-26 14:51:14, EXEC, v:1, k:ed@vetbuild, mode:FULL, rate:90, size:255
2026-04-26 14:51:10, MOVE, v:1, k:ed@vetbuild, mode:EDIT
2026-04-26 15:04:25, EXEC, v:1, k:ed@vetbuild, mode:FULL, rate:90, size:275
2026-04-26 15:04:22, MOVE, v:1, k:ed@vetbuild, mode:EDIT
2026-04-26 15:07:13, EXEC, v:1, k:ed@vetbuild, mode:FULL, rate:100, size:275
2026-04-26 15:07:26, MOVE, v:1, k:ed@vetbuild, mode:BACK
2026-04-26 15:07:30, MOVE, v:1, k:ed@setbuild, mode:DOWN
2026-04-26 15:08:22, MOVE, v:1, k:ed@setbuild, mode:PICK
2026-04-26 15:08:58, MOVE, v:1, k:ed@setbuild, mode:BACK
2026-04-26 15:06:54, MOVE, v:1, k:ed@vetbuild, mode:EDIT
2026-04-26 15:07:30, MOVE, v:1, k:ed@setbuild, mode:EDIT
2026-04-26 15:07:30, MOVE, v:1, k:ed@setbuild, mode:EDIT
2026-04-26 15:07:30, MOVE, v:1, k:ed@setbuild, mode:EDIT
2026-04-26 15:07:30, MOVE, v:1, k:ed@setbuild, mode:EDIT
2026-04-26 15:56:43, MOVE, v:1, k:ed@setbuild, mode:PICK
2026-04-26 16:49:18, MOVE, v:1, k:ed@setbuild, mode:EDIT
2026-04-26 16:53:29, EXEC, v:1, k:ed@setbuild, mode:FULL, rate:0, size:94
2026-04-26 16:53:15, MOVE, v:1, k:ed@setbuild, mode:EDIT
2026-04-26 16:58:25, EXEC, v:1, k:ed@setbuild, mode:FULL, rate:0, size:95
2026-04-26 16:58:22, MOVE, v:1, k:ed@setbuild, mode:EDIT
2026-04-26 17:05:49, EXEC, v:1, k:ed@setbuild, mode:FULL, rate:0, size:111
2026-04-26 17:05:46, MOVE, v:1, k:ed@setbuild, mode:EDIT
2026-04-26 17:11:21, EXEC, v:1, k:ed@setbuild, mode:FULL, rate:0, size:117
2026-04-26 17:12:56, MOVE, v:1, k:ed@setbuild, mode:EDIT
2026-04-26 17:19:20, EXEC, v:1, k:ed@setbuild, mode:FULL, rate:0, size:112
2026-04-26 17:19:17, MOVE, v:1, k:ed@setbuild, mode:EDIT
2026-04-26 17:21:13, EXEC, v:1, k:ed@setbuild, mode:FULL, rate:0, size:113
2026-04-26 17:21:28, EXEC, v:1, k:ed@setbuild, mode:FULL, rate:0, size:113
2026-04-26 17:22:06, EXEC, v:1, k:ed@setbuild, mode:FULL, rate:0, size:114
2026-04-26 17:24:37, EXEC, v:1, k:ed@setbuild, mode:FULL, rate:33, size:117
2026-04-26 17:24:33, MOVE, v:1, k:ed@setbuild, mode:EDIT
2026-04-26 17:26:18, MOVE, v:1, k:ed@setbuild, mode:EDIT
2026-04-26 17:39:41, EXEC, v:1, k:ed@setbuild, mode:FULL, rate:33, size:135
2026-04-26 17:39:38, MOVE, v:1, k:ed@setbuild, mode:EDIT
2026-04-26 17:40:30, EXEC, v:1, k:ed@setbuild, mode:FULL, rate:66, size:135
2026-04-26 17:40:29, MOVE, v:1, k:ed@setbuild, mode:EDIT
2026-04-26 18:48:45, EXEC, v:1, k:ed@setbuild, mode:FULL, rate:66, size:162
2026-04-26 18:48:43, MOVE, v:1, k:ed@setbuild, mode:EDIT
2026-04-26 18:58:37, EXEC, v:1, k:ed@setbuild, mode:FULL, rate:66, size:163
2026-04-26 18:58:36, MOVE, v:1, k:ed@setbuild, mode:EDIT
2026-04-26 19:01:00, EXEC, v:1, k:ed@setbuild, mode:FULL, rate:66, size:162
2026-04-26 19:00:58, MOVE, v:1, k:ed@setbuild, mode:EDIT
2026-04-26 19:15:55, EXEC, v:1, k:ed@setbuild, mode:FULL, rate:66, size:161
2026-04-26 19:16:16, EXEC, v:1, k:ed@setbuild, mode:FULL, rate:66, size:161
2026-04-26 19:17:02, EXEC, v:1, k:ed@setbuild, mode:FULL, rate:100, size:163
2026-04-26 19:17:05, MOVE, v:1, k:ed@setbuild, mode:BACK
2026-04-26 19:21:21, MOVE, v:1, k:ed@bettersearch, mode:DOWN
2026-04-26 19:21:30, MOVE, v:1, k:ed@bettersearch, mode:PICK
2026-04-26 19:22:07, MOVE, v:1, k:ed@bettersearch, mode:BACK
2026-04-26 22:08:29, MOVE, v:1, k:ed@bettersearch, mode:PICK
2026-04-26 22:38:07, MOVE, v:1, k:ed@bettersearch, mode:BACK
