2026-04-14 13:19:38, MOVE, v:1, k:eval1@baruel, mode:DOWN
2026-04-14 13:19:44, MOVE, v:1, k:eval1@baruel, mode:PICK
2026-04-14 13:23:08, EXEC, v:1, k:eval1@baruel, mode:FULL, rate:0, size:15
2026-04-14 13:23:04, MOVE, v:1, k:eval1@baruel, mode:EDIT
2026-04-14 13:19:38, MOVE, v:1, k:eval1@baruel, mode:EDIT
2026-04-14 13:23:03, MOVE, v:1, k:eval1@baruel, mode:EDIT
2026-04-14 13:23:08, MOVE, v:1, k:eval1@baruel, mode:EDIT
2026-04-14 13:23:30, EXEC, v:1, k:eval1@baruel, mode:FULL, rate:0, size:17
2026-04-14 13:24:51, EXEC, v:1, k:eval1@baruel, mode:FULL, rate:0, size:17
2026-04-14 13:25:39, EXEC, v:1, k:eval1@baruel, mode:FULL, rate:0, size:17
2026-04-14 13:28:08, EXEC, v:1, k:eval1@baruel, mode:FULL, rate:0, size:24
2026-04-14 13:28:24, MOVE, v:1, k:eval1@baruel, mode:EDIT
2026-04-14 13:28:08, MOVE, v:1, k:eval1@baruel, mode:EDIT
2026-04-14 13:32:48, EXEC, v:1, k:eval1@baruel, mode:FULL, rate:0, size:33
2026-04-14 13:33:23, EXEC, v:1, k:eval1@baruel, mode:FULL, rate:0
2026-04-14 13:32:48, MOVE, v:1, k:eval1@baruel, mode:EDIT
2026-04-14 13:33:23, MOVE, v:1, k:eval1@baruel, mode:EDIT
2026-04-14 13:33:41, EXEC, v:1, k:eval1@baruel, mode:FULL, rate:0, size:33
2026-04-14 13:38:18, MOVE, v:1, k:eval1@baruel, mode:EDIT
2026-04-14 13:33:41, MOVE, v:1, k:eval1@baruel, mode:EDIT
2026-04-14 13:38:54, EXEC, v:1, k:eval1@baruel, mode:FULL, rate:0, size:45
2026-04-14 13:39:47, EXEC, v:1, k:eval1@baruel, mode:FULL, rate:0, size:47
2026-04-14 13:39:44, MOVE, v:1, k:eval1@baruel, mode:EDIT
2026-04-14 13:39:45, MOVE, v:1, k:eval1@baruel, mode:EDIT
2026-04-14 13:48:20, MOVE, v:1, k:eval1@baruel, mode:EDIT
2026-04-14 13:48:35, EXEC, v:1, k:eval1@baruel, mode:FULL, rate:25, size:51
2026-04-14 13:49:02, EXEC, v:1, k:eval1@baruel, mode:FULL, rate:75, size:51
2026-04-14 13:51:42, EXEC, v:1, k:eval1@baruel, mode:FULL, rate:75, size:51
2026-04-14 13:52:42, EXEC, v:1, k:eval1@baruel, mode:FULL, rate:100, size:51
2026-04-14 13:52:52, MOVE, v:1, k:eval1@baruel, mode:BACK
2026-04-14 13:53:04, MOVE, v:1, k:eval1@casais, mode:DOWN
2026-04-14 13:53:20, MOVE, v:1, k:eval1@casais, mode:PICK
2026-04-14 13:52:41, MOVE, v:1, k:eval1@baruel, mode:EDIT
2026-04-14 13:52:42, MOVE, v:1, k:eval1@baruel, mode:EDIT
2026-04-14 13:53:04, MOVE, v:1, k:eval1@casais, mode:EDIT
2026-04-14 13:53:04, MOVE, v:1, k:eval1@casais, mode:EDIT
2026-04-14 13:58:18, MOVE, v:1, k:eval1@casais, mode:EDIT
2026-04-14 13:59:14, EXEC, v:1, k:eval1@casais, mode:FULL, rate:0, size:27
2026-04-14 13:59:42, EXEC, v:1, k:eval1@casais, mode:FULL, rate:0, size:27
2026-04-14 14:02:01, EXEC, v:1, k:eval1@casais, mode:FULL, rate:100, size:28
2026-04-14 14:02:08, MOVE, v:1, k:eval1@casais, mode:BACK
2026-04-14 14:02:25, MOVE, v:1, k:eval1@queimada, mode:DOWN
2026-04-14 14:02:32, MOVE, v:1, k:eval1@queimada, mode:PICK
2026-04-14 14:02:00, MOVE, v:1, k:eval1@casais, mode:EDIT
2026-04-14 13:59:12, MOVE, v:1, k:eval1@casais, mode:EDIT
2026-04-14 14:02:01, MOVE, v:1, k:eval1@casais, mode:EDIT
2026-04-14 14:02:25, MOVE, v:1, k:eval1@queimada, mode:EDIT
2026-04-14 14:02:25, MOVE, v:1, k:eval1@queimada, mode:EDIT
2026-04-14 14:03:05, MOVE, v:1, k:eval1@queimada, mode:EDIT
2026-04-14 14:06:21, EXEC, v:1, k:eval1@queimada, mode:FULL, rate:0, size:48
2026-04-14 14:07:34, MOVE, v:1, k:eval1@queimada, mode:EDIT
2026-04-14 14:06:21, MOVE, v:1, k:eval1@queimada, mode:EDIT
2026-04-14 14:08:38, EXEC, v:1, k:eval1@queimada, mode:FULL, rate:0, size:48
2026-04-14 14:12:47, EXEC, v:1, k:eval1@queimada, mode:FULL, rate:100, size:48
2026-04-14 14:12:54, MOVE, v:1, k:eval1@queimada, mode:BACK
2026-04-14 14:13:08, MOVE, v:1, k:eval1@apagando, mode:DOWN
2026-04-14 14:13:23, MOVE, v:1, k:eval1@apagando, mode:PICK
2026-04-14 14:12:47, MOVE, v:1, k:eval1@queimada, mode:EDIT
2026-04-14 14:12:42, MOVE, v:1, k:eval1@queimada, mode:EDIT
2026-04-14 14:13:08, MOVE, v:1, k:eval1@apagando, mode:EDIT
2026-04-14 14:14:20, MOVE, v:1, k:eval1@apagando, mode:BACK
2026-04-14 14:14:27, MOVE, v:1, k:eval1@triangulo, mode:DOWN
2026-04-14 14:14:29, MOVE, v:1, k:eval1@triangulo, mode:PICK
2026-04-14 14:14:27, MOVE, v:1, k:eval1@triangulo, mode:EDIT
2026-04-14 14:14:27, MOVE, v:1, k:eval1@triangulo, mode:EDIT
2026-04-14 14:18:23, MOVE, v:1, k:eval1@triangulo, mode:EDIT
2026-04-14 14:19:55, EXEC, v:1, k:eval1@triangulo, mode:FULL, rate:0, size:54
2026-04-14 14:20:39, EXEC, v:1, k:eval1@triangulo, mode:FULL, rate:0, size:55
2026-04-14 14:20:54, EXEC, v:1, k:eval1@triangulo, mode:FULL, rate:0, size:55
2026-04-14 14:21:10, EXEC, v:1, k:eval1@triangulo, mode:FULL, rate:0, size:55
2026-04-14 14:21:42, EXEC, v:1, k:eval1@triangulo, mode:FULL, rate:0, size:55
2026-04-14 14:23:23, MOVE, v:1, k:eval1@triangulo, mode:EDIT
2026-04-14 14:21:41, MOVE, v:1, k:eval1@triangulo, mode:EDIT
2026-04-14 14:24:09, EXEC, v:1, k:eval1@triangulo, mode:FULL, rate:0, size:55
2026-04-14 14:25:06, EXEC, v:1, k:eval1@triangulo, mode:FULL, rate:0, size:55
2026-04-14 14:25:12, EXEC, v:1, k:eval1@triangulo, mode:FULL, rate:0, size:55
2026-04-14 14:25:28, EXEC, v:1, k:eval1@triangulo, mode:FULL, rate:0, size:55
2026-04-14 14:25:49, EXEC, v:1, k:eval1@triangulo, mode:FULL, rate:100, size:55
2026-04-14 14:25:54, MOVE, v:1, k:eval1@triangulo, mode:BACK
2026-04-14 14:27:02, SELF, v:1, k:eval1@baruel, self:1, rate:100
2026-04-14 14:27:11, SELF, v:1, k:eval1@casais, self:1, rate:100
2026-04-14 14:27:13, MOVE, v:1, k:eval1@triangulo, mode:PICK
2026-04-14 14:27:15, MOVE, v:1, k:eval1@triangulo, mode:BACK
2026-04-14 14:27:22, SELF, v:1, k:eval1@triangulo, self:1, rate:100
2026-04-14 14:27:28, SELF, v:1, k:eval1@queimada, self:1, rate:100
2026-04-14 14:27:37, MOVE, v:1, k:eval1@apagando, mode:PICK
2026-04-14 14:25:48, MOVE, v:1, k:eval1@triangulo, mode:EDIT
2026-04-14 14:25:49, MOVE, v:1, k:eval1@triangulo, mode:EDIT
2026-04-14 14:27:57, MOVE, v:1, k:eval1@apagando, mode:EDIT
2026-04-14 14:33:21, MOVE, v:1, k:eval1@apagando, mode:EDIT
2026-04-14 14:36:04, EXEC, v:1, k:eval1@apagando, mode:FULL, rate:0, size:18
2026-04-14 14:36:19, EXEC, v:1, k:eval1@apagando, mode:FULL, rate:0, size:20
2026-04-14 14:38:22, EXEC, v:1, k:eval1@apagando, mode:FULL, rate:0, size:20
2026-04-14 14:37:07, MOVE, v:1, k:eval1@apagando, mode:EDIT
2026-04-14 14:38:21, MOVE, v:1, k:eval1@apagando, mode:EDIT
2026-04-14 14:39:05, EXEC, v:1, k:eval1@apagando, mode:FULL, rate:0, size:24
2026-04-14 14:39:22, EXEC, v:1, k:eval1@apagando, mode:FULL, rate:0, size:24
2026-04-14 14:39:40, EXEC, v:1, k:eval1@apagando, mode:FULL, rate:0, size:20
2026-04-14 14:43:30, MOVE, v:1, k:eval1@apagando, mode:EDIT
2026-04-14 14:39:40, MOVE, v:1, k:eval1@apagando, mode:EDIT
2026-04-14 14:44:13, EXEC, v:1, k:eval1@apagando, mode:FULL, rate:0, size:23
2026-04-14 14:45:42, EXEC, v:1, k:eval1@apagando, mode:FULL, rate:0, size:23
2026-04-14 14:46:09, EXEC, v:1, k:eval1@apagando, mode:FULL, rate:0, size:23
2026-04-14 14:46:43, EXEC, v:1, k:eval1@apagando, mode:FULL, rate:0, size:23
2026-04-14 14:47:41, EXEC, v:1, k:eval1@apagando, mode:FULL, rate:0, size:24
2026-04-14 14:48:23, EXEC, v:1, k:eval1@apagando, mode:FULL, rate:0
2026-04-14 14:47:39, MOVE, v:1, k:eval1@apagando, mode:EDIT
2026-04-14 14:48:23, MOVE, v:1, k:eval1@apagando, mode:EDIT
2026-04-14 14:49:01, EXEC, v:1, k:eval1@apagando, mode:FULL, rate:0
2026-04-14 14:50:29, MOVE, v:1, k:eval1@apagando, mode:BACK
2026-04-14 14:50:44, MOVE, v:1, k:eval1@apagando, mode:PICK
2026-04-14 14:51:20, EXEC, v:1, k:eval1@apagando, mode:FULL, rate:0, size:24
2026-04-14 14:52:18, EXEC, v:1, k:eval1@apagando, mode:FULL, rate:0, size:25
2026-04-14 14:52:24, MOVE, v:1, k:eval1@apagando, mode:BACK
