2026-04-13 15:48:45, MOVE, v:1, k:ed@queimada, mode:PICK
2026-04-13 15:48:50, MOVE, v:1, k:ed@queimada, mode:EDIT
2026-04-13 16:18:21, EXEC, v:1, k:ed@queimada, mode:FULL, rate:0, size:50
2026-04-13 16:18:17, MOVE, v:1, k:ed@queimada, mode:EDIT
2026-04-13 16:25:01, EXEC, v:1, k:ed@queimada, mode:FULL, rate:100, size:50
2026-04-13 16:24:52, MOVE, v:1, k:ed@queimada, mode:EDIT
2026-04-13 16:29:10, MOVE, v:1, k:ed@queimada, mode:BACK
2026-04-13 16:30:38, SELF, v:1, k:ed@queimada, self:1, rate:100, study:25, concept:1
2026-04-13 16:30:47, MOVE, v:1, k:ed@labirinto, mode:DOWN
2026-04-13 16:30:49, MOVE, v:1, k:ed@labirinto, mode:PICK
2026-04-13 16:30:47, MOVE, v:1, k:ed@labirinto, mode:EDIT
2026-04-13 16:30:47, MOVE, v:1, k:ed@labirinto, mode:EDIT
2026-04-13 16:30:47, MOVE, v:1, k:ed@labirinto, mode:EDIT
2026-04-13 17:04:53, EXEC, v:1, k:ed@labirinto, mode:FULL, rate:0, size:75
2026-04-13 17:04:47, MOVE, v:1, k:ed@labirinto, mode:EDIT
2026-04-13 17:30:21, EXEC, v:1, k:ed@labirinto, mode:FULL, rate:0, size:82
2026-04-13 17:30:16, MOVE, v:1, k:ed@labirinto, mode:EDIT
2026-04-13 17:41:18, EXEC, v:1, k:ed@labirinto, mode:FULL, rate:0, size:84
2026-04-13 17:42:09, EXEC, v:1, k:ed@labirinto, mode:FULL, rate:0, size:85
2026-04-13 17:42:35, EXEC, v:1, k:ed@labirinto, mode:FULL, rate:0, size:85
2026-04-13 17:42:32, MOVE, v:1, k:ed@labirinto, mode:EDIT
2026-04-13 17:46:09, EXEC, v:1, k:ed@labirinto, mode:FULL, rate:0, size:85
2026-04-13 17:47:31, EXEC, v:1, k:ed@labirinto, mode:FULL, rate:0, size:85
2026-04-13 17:48:02, EXEC, v:1, k:ed@labirinto, mode:FULL, rate:0, size:85
2026-04-13 17:48:01, MOVE, v:1, k:ed@labirinto, mode:EDIT
2026-04-13 17:48:55, EXEC, v:1, k:ed@labirinto, mode:FULL, rate:0, size:85
2026-04-13 17:48:52, MOVE, v:1, k:ed@labirinto, mode:EDIT
2026-04-13 17:54:06, EXEC, v:1, k:ed@labirinto, mode:FULL, rate:100, size:86
2026-04-13 17:54:09, MOVE, v:1, k:ed@labirinto, mode:BACK
2026-04-13 17:55:35, SELF, v:1, k:ed@labirinto, self:1, rate:100, study:60, concept:1, debug:1
2026-04-13 17:55:47, MOVE, v:1, k:ed@fractais_png, mode:PICK
2026-04-13 17:54:02, MOVE, v:1, k:ed@labirinto, mode:EDIT
2026-04-13 18:01:29, MOVE, v:1, k:ed@fractais_png, mode:BACK
2026-04-13 20:07:09, MOVE, v:1, k:ed@fractais_png, mode:PICK
2026-04-13 20:10:44, EXEC, v:1, k:ed@fractais_png, mode:LOCK, rate:0, size:123
2026-04-13 20:11:31, EXEC, v:1, k:ed@fractais_png, mode:LOCK, rate:0, size:123
2026-04-13 20:11:55, EXEC, v:1, k:ed@fractais_png, mode:LOCK, rate:0, size:123
2026-04-13 20:11:53, MOVE, v:1, k:ed@fractais_png, mode:EDIT
2026-04-13 20:11:55, MOVE, v:1, k:ed@fractais_png, mode:EDIT
2026-04-13 20:12:10, MOVE, v:1, k:ed@fractais_png, mode:PICK
2026-04-13 20:12:41, EXEC, v:1, k:ed@fractais_png, mode:LOCK, rate:0, size:123
2026-04-13 20:12:50, EXEC, v:1, k:ed@fractais_png, mode:LOCK, rate:0, size:123
2026-04-13 20:13:04, EXEC, v:1, k:ed@fractais_png, mode:LOCK, rate:0, size:123
2026-04-13 20:13:39, EXEC, v:1, k:ed@fractais_png, mode:LOCK, rate:0, size:123
2026-04-13 20:13:48, EXEC, v:1, k:ed@fractais_png, mode:LOCK, rate:0, size:123
2026-04-13 20:15:21, EXEC, v:1, k:ed@fractais_png, mode:LOCK, rate:0, size:123
2026-04-13 20:16:46, EXEC, v:1, k:ed@fractais_png, mode:LOCK, rate:0, size:123
2026-04-13 20:16:44, MOVE, v:1, k:ed@fractais_png, mode:EDIT
2026-04-13 20:16:46, MOVE, v:1, k:ed@fractais_png, mode:EDIT
2026-04-13 20:18:52, EXEC, v:1, k:ed@fractais_png, mode:LOCK, rate:0, size:123
2026-04-13 20:20:53, EXEC, v:1, k:ed@fractais_png, mode:LOCK, rate:0, size:123
2026-04-13 20:22:01, EXEC, v:1, k:ed@fractais_png, mode:LOCK, rate:0, size:123
2026-04-13 20:21:57, MOVE, v:1, k:ed@fractais_png, mode:EDIT
2026-04-13 20:22:01, MOVE, v:1, k:ed@fractais_png, mode:EDIT
2026-04-13 20:25:26, EXEC, v:1, k:ed@fractais_png, mode:LOCK, rate:0, size:123
2026-04-13 20:24:51, MOVE, v:1, k:ed@fractais_png, mode:EDIT
2026-04-13 20:25:26, MOVE, v:1, k:ed@fractais_png, mode:EDIT
2026-04-13 20:28:05, EXEC, v:1, k:ed@fractais_png, mode:LOCK, rate:0, size:123
2026-04-13 20:28:13, EXEC, v:1, k:ed@fractais_png, mode:LOCK, rate:0, size:123
2026-04-13 20:28:28, EXEC, v:1, k:ed@fractais_png, mode:LOCK, rate:0, size:123
2026-04-13 20:28:39, EXEC, v:1, k:ed@fractais_png, mode:LOCK, rate:0, size:123
2026-04-13 20:28:38, MOVE, v:1, k:ed@fractais_png, mode:EDIT
2026-04-13 20:28:39, MOVE, v:1, k:ed@fractais_png, mode:EDIT
2026-04-13 20:34:05, EXEC, v:1, k:ed@fractais_png, mode:LOCK, rate:0, size:125
2026-04-13 20:34:44, EXEC, v:1, k:ed@fractais_png, mode:LOCK, rate:0, size:127
2026-04-13 20:34:54, EXEC, v:1, k:ed@fractais_png, mode:LOCK, rate:0, size:127
2026-04-13 20:34:52, MOVE, v:1, k:ed@fractais_png, mode:EDIT
2026-04-13 20:34:54, MOVE, v:1, k:ed@fractais_png, mode:EDIT
2026-04-13 20:42:06, EXEC, v:1, k:ed@fractais_png, mode:LOCK, rate:0, size:122
2026-04-13 20:42:02, MOVE, v:1, k:ed@fractais_png, mode:EDIT
2026-04-13 20:42:06, MOVE, v:1, k:ed@fractais_png, mode:EDIT
2026-04-13 20:42:34, EXEC, v:1, k:ed@fractais_png, mode:LOCK, rate:0, size:122
2026-04-13 20:42:51, EXEC, v:1, k:ed@fractais_png, mode:LOCK, rate:0, size:123
2026-04-13 20:43:09, EXEC, v:1, k:ed@fractais_png, mode:LOCK, rate:0, size:125
2026-04-13 20:43:07, MOVE, v:1, k:ed@fractais_png, mode:EDIT
2026-04-13 20:43:09, MOVE, v:1, k:ed@fractais_png, mode:EDIT
2026-04-13 20:48:56, EXEC, v:1, k:ed@fractais_png, mode:LOCK, rate:0, size:128
2026-04-13 20:49:26, EXEC, v:1, k:ed@fractais_png, mode:LOCK, rate:0, size:125
2026-04-13 20:49:24, MOVE, v:1, k:ed@fractais_png, mode:EDIT
2026-04-13 20:49:26, MOVE, v:1, k:ed@fractais_png, mode:EDIT
2026-04-13 20:56:44, EXEC, v:1, k:ed@fractais_png, mode:LOCK, rate:0, size:125
2026-04-13 20:56:51, EXEC, v:1, k:ed@fractais_png, mode:LOCK, rate:0, size:125
2026-04-13 20:57:00, EXEC, v:1, k:ed@fractais_png, mode:LOCK, rate:0, size:125
2026-04-13 20:57:11, MOVE, v:1, k:ed@fractais_png, mode:EDIT
2026-04-13 20:57:00, MOVE, v:1, k:ed@fractais_png, mode:EDIT
2026-04-13 20:57:12, EXEC, v:1, k:ed@fractais_png, mode:LOCK, rate:0, size:125
2026-04-13 21:01:42, EXEC, v:1, k:ed@fractais_png, mode:LOCK, rate:0, size:124
2026-04-13 21:02:02, EXEC, v:1, k:ed@fractais_png, mode:LOCK, rate:0, size:124
2026-04-13 21:02:11, EXEC, v:1, k:ed@fractais_png, mode:LOCK, rate:0, size:124
2026-04-13 21:02:11, MOVE, v:1, k:ed@fractais_png, mode:EDIT
2026-04-13 21:02:09, MOVE, v:1, k:ed@fractais_png, mode:EDIT
2026-04-13 21:03:21, EXEC, v:1, k:ed@fractais_png, mode:LOCK, rate:0, size:127
2026-04-13 21:04:09, EXEC, v:1, k:ed@fractais_png, mode:LOCK, rate:0, size:128
2026-04-13 21:05:04, EXEC, v:1, k:ed@fractais_png, mode:LOCK, rate:0, size:128
2026-04-13 21:06:04, EXEC, v:1, k:ed@fractais_png, mode:LOCK, rate:0, size:128
2026-04-13 21:06:40, EXEC, v:1, k:ed@fractais_png, mode:LOCK, rate:0, size:128
2026-04-13 21:06:53, EXEC, v:1, k:ed@fractais_png, mode:LOCK, rate:0, size:128
2026-04-13 21:07:05, EXEC, v:1, k:ed@fractais_png, mode:LOCK, rate:0, size:128
2026-04-13 21:07:02, MOVE, v:1, k:ed@fractais_png, mode:EDIT
2026-04-13 21:07:05, MOVE, v:1, k:ed@fractais_png, mode:EDIT
2026-04-13 21:07:14, EXEC, v:1, k:ed@fractais_png, mode:LOCK, rate:0, size:128
2026-04-13 21:07:50, EXEC, v:1, k:ed@fractais_png, mode:LOCK, rate:0, size:128
2026-04-13 21:08:00, EXEC, v:1, k:ed@fractais_png, mode:LOCK, rate:0, size:128
2026-04-13 21:08:13, EXEC, v:1, k:ed@fractais_png, mode:LOCK, rate:0, size:128
2026-04-13 21:09:26, EXEC, v:1, k:ed@fractais_png, mode:LOCK, rate:0, size:129
2026-04-13 21:09:39, EXEC, v:1, k:ed@fractais_png, mode:LOCK, rate:0, size:129
2026-04-13 21:09:51, EXEC, v:1, k:ed@fractais_png, mode:LOCK, rate:0, size:129
2026-04-13 21:10:10, MOVE, v:1, k:ed@fractais_png, mode:PICK
2026-04-13 21:10:53, EXEC, v:1, k:ed@fractais_png, mode:LOCK, rate:0, size:128
2026-04-13 21:12:37, EXEC, v:1, k:ed@fractais_png, mode:LOCK, rate:0, size:129
2026-04-13 21:12:46, EXEC, v:1, k:ed@fractais_png, mode:LOCK, rate:0, size:129
2026-04-13 21:12:55, EXEC, v:1, k:ed@fractais_png, mode:LOCK, rate:0
2026-04-13 21:13:14, EXEC, v:1, k:ed@fractais_png, mode:LOCK, rate:0, size:129
2026-04-13 21:13:13, MOVE, v:1, k:ed@fractais_png, mode:EDIT
2026-04-13 21:13:14, MOVE, v:1, k:ed@fractais_png, mode:EDIT
2026-04-13 21:13:46, MOVE, v:1, k:ed@fractais_png, mode:EDIT
2026-04-13 21:16:47, EXEC, v:1, k:ed@fractais_png, mode:LOCK, rate:0, size:116
2026-04-13 21:17:09, EXEC, v:1, k:ed@fractais_png, mode:LOCK, rate:0, size:116
2026-04-13 21:17:20, EXEC, v:1, k:ed@fractais_png, mode:LOCK, rate:0, size:116
2026-04-13 21:17:34, EXEC, v:1, k:ed@fractais_png, mode:LOCK, rate:0, size:116
2026-04-13 21:17:42, EXEC, v:1, k:ed@fractais_png, mode:LOCK, rate:0, size:116
2026-04-13 21:18:10, EXEC, v:1, k:ed@fractais_png, mode:LOCK, rate:0, size:116
2026-04-13 21:18:21, EXEC, v:1, k:ed@fractais_png, mode:LOCK, rate:0, size:116
2026-04-13 21:18:30, EXEC, v:1, k:ed@fractais_png, mode:LOCK, rate:0, size:116
2026-04-13 21:19:23, EXEC, v:1, k:ed@fractais_png, mode:LOCK, rate:0, size:119
2026-04-13 21:19:17, MOVE, v:1, k:ed@fractais_png, mode:EDIT
2026-04-13 21:18:30, MOVE, v:1, k:ed@fractais_png, mode:EDIT
2026-04-13 21:20:34, EXEC, v:1, k:ed@fractais_png, mode:LOCK, rate:0, size:123
2026-04-13 21:21:13, EXEC, v:1, k:ed@fractais_png, mode:LOCK, rate:0, size:123
2026-04-13 21:21:23, EXEC, v:1, k:ed@fractais_png, mode:LOCK, rate:0, size:123
2026-04-13 21:21:35, EXEC, v:1, k:ed@fractais_png, mode:LOCK, rate:0, size:123
2026-04-13 21:23:34, EXEC, v:1, k:ed@fractais_png, mode:LOCK, rate:0, size:123
2026-04-13 21:23:43, EXEC, v:1, k:ed@fractais_png, mode:LOCK, rate:0, size:123
2026-04-13 21:23:39, MOVE, v:1, k:ed@fractais_png, mode:EDIT
2026-04-13 21:21:35, MOVE, v:1, k:ed@fractais_png, mode:EDIT
2026-04-13 21:28:49, EXEC, v:1, k:ed@fractais_png, mode:LOCK, rate:0, size:126
2026-04-13 21:29:05, EXEC, v:1, k:ed@fractais_png, mode:LOCK, rate:0, size:126
2026-04-13 21:29:24, EXEC, v:1, k:ed@fractais_png, mode:LOCK, rate:0, size:127
2026-04-13 21:29:39, EXEC, v:1, k:ed@fractais_png, mode:LOCK, rate:0, size:127
2026-04-13 21:29:52, EXEC, v:1, k:ed@fractais_png, mode:LOCK, rate:0, size:127
2026-04-13 21:29:51, MOVE, v:1, k:ed@fractais_png, mode:EDIT
2026-04-13 21:29:52, MOVE, v:1, k:ed@fractais_png, mode:EDIT
2026-04-13 21:30:27, EXEC, v:1, k:ed@fractais_png, mode:LOCK, rate:0, size:127
2026-04-13 21:30:37, EXEC, v:1, k:ed@fractais_png, mode:LOCK, rate:0, size:127
2026-04-13 21:32:47, MOVE, v:1, k:ed@fractais_png, mode:BACK
