2026-06-08 14:15:34, MOVE, v:1, k:ed@subset_sum, mode:PICK
2026-06-08 14:15:38, EXEC, v:1, k:ed@subset_sum, mode:FULL, size:26, fail:COMP
2026-06-08 14:20:01, MOVE, v:1, k:ed@subset_sum, mode:EDIT
2026-06-08 14:23:21, MOVE, v:1, k:ed@subset_sum, mode:BACK
2026-06-08 14:21:21, MOVE, v:1, k:ed@subset_sum, mode:EDIT
2026-06-08 14:25:22, MOVE, v:1, k:ed@subset_sum, mode:PICK
2026-06-08 14:26:27, MOVE, v:1, k:ed@subset_sum, mode:EDIT
2026-06-08 14:32:02, MOVE, v:1, k:ed@subset_sum, mode:EDIT
2026-06-08 14:44:45, MOVE, v:1, k:ed@subset_sum, mode:EDIT
2026-06-08 14:45:24, MOVE, v:1, k:ed@subset_sum, mode:EDIT
2026-06-08 14:50:14, MOVE, v:1, k:ed@subset_sum, mode:EDIT
2026-06-08 15:00:00, MOVE, v:1, k:ed@subset_sum, mode:EDIT
2026-06-08 15:00:34, EXEC, v:1, k:ed@subset_sum, mode:FULL, size:32, fail:COMP
2026-06-08 15:00:54, EXEC, v:1, k:ed@subset_sum, mode:FULL, size:32, fail:COMP
2026-06-08 15:01:22, EXEC, v:1, k:ed@subset_sum, mode:FULL, rate:0, size:33
2026-06-08 15:02:20, EXEC, v:1, k:ed@subset_sum, mode:FULL, rate:0, size:37
2026-06-08 15:02:16, MOVE, v:1, k:ed@subset_sum, mode:EDIT
2026-06-08 15:09:41, EXEC, v:1, k:ed@subset_sum, mode:FULL, rate:100, size:40
2026-06-08 15:09:49, EXEC, v:1, k:ed@subset_sum, mode:FULL, rate:100
2026-06-08 15:09:51, MOVE, v:1, k:ed@subset_sum, mode:BACK
2026-06-08 15:09:33, MOVE, v:1, k:ed@subset_sum, mode:EDIT
2026-06-08 15:10:22, SELF, v:1, k:ed@subset_sum, self:1, rate:100, study:90, concept:1
