2026-03-19 13:39:45, MOVE, v:1, k:ed@pedra, mode:PICK
2026-03-19 15:14:44, EXEC, v:1, k:ed@pedra, mode:FULL, rate:25, size:36
2026-03-19 15:22:04, EXEC, v:1, k:ed@pedra, mode:FULL, rate:25, size:36
2026-03-19 15:38:18, EXEC, v:1, k:ed@pedra, mode:FULL, rate:25, size:36
2026-03-19 15:40:24, EXEC, v:1, k:ed@pedra, mode:FULL, rate:75, size:35
2026-03-19 15:40:46, EXEC, v:1, k:ed@pedra, mode:FULL, rate:100, size:35
2026-03-19 15:41:10, MOVE, v:1, k:ed@pedra, mode:BACK
2026-03-19 15:43:48, SELF, v:1, k:ed@pedra, self:1, rate:100, study:40, concept:1, debug:1, refactor:1
2026-03-19 15:43:59, SELF, v:1, k:ed@pedra, self:1, rate:100, study:40, concept:1
2026-03-19 15:46:51, MOVE, v:1, k:ed@casais, mode:DOWN
2026-03-19 15:46:52, MOVE, v:1, k:ed@casais, mode:PICK
2026-03-19 15:46:54, EXEC, v:1, k:ed@casais, mode:FREE, size:5
2026-03-19 15:47:31, EXEC, v:1, k:ed@casais, mode:FREE
2026-03-19 15:47:39, MOVE, v:1, k:ed@casais, mode:BACK
2026-03-19 15:47:44, MOVE, v:1, k:ed@casais, mode:PICK
2026-03-19 15:47:54, EXEC, v:1, k:ed@casais, mode:FULL, rate:0
2026-03-19 15:48:00, MOVE, v:1, k:ed@casais, mode:BACK
2026-03-19 15:48:02, MOVE, v:1, k:ed@casais, mode:PICK
2026-03-19 15:48:03, EXEC, v:1, k:ed@casais, mode:FREE
2026-03-19 15:48:40, MOVE, v:1, k:ed@casais, mode:BACK
2026-03-19 15:48:47, MOVE, v:1, k:ed@casais, mode:PICK
2026-03-19 17:19:20, EXEC, v:1, k:ed@casais, mode:FULL, rate:0, size:25
2026-03-19 17:19:28, EXEC, v:1, k:ed@casais, mode:FULL, rate:0
2026-03-19 17:21:51, EXEC, v:1, k:ed@casais, mode:FULL, rate:50, size:25
2026-03-19 17:22:24, EXEC, v:1, k:ed@casais, mode:FULL, rate:50
2026-03-19 17:22:44, EXEC, v:1, k:ed@casais, mode:FULL, rate:100, size:26
2026-03-19 17:22:51, MOVE, v:1, k:ed@casais, mode:BACK
2026-03-19 17:23:46, SELF, v:1, k:ed@casais, self:1, rate:100, study:40, concept:1
