2026-04-08 22:58:43, MOVE, v:1, k:ed@resto, mode:PICK
2026-04-08 22:59:23, MOVE, v:1, k:ed@resto, mode:BACK
2026-04-08 22:59:50, MOVE, v:1, k:ed@fractais_png, mode:DOWN
2026-04-08 22:59:53, MOVE, v:1, k:ed@fractais_png, mode:PICK
2026-04-08 22:59:50, MOVE, v:1, k:ed@fractais_png, mode:EDIT
2026-04-08 22:59:50, MOVE, v:1, k:ed@fractais_png, mode:EDIT
2026-04-08 22:59:50, MOVE, v:1, k:ed@fractais_png, mode:EDIT
2026-04-08 22:59:50, MOVE, v:1, k:ed@fractais_png, mode:EDIT
2026-04-08 23:06:03, MOVE, v:1, k:ed@fractais_png, mode:BACK
2026-04-08 23:09:04, MOVE, v:1, k:ed@fractais_png, mode:PICK
2026-04-08 23:09:19, EXEC, v:1, k:ed@fractais_png, mode:LOCK, rate:0, size:136
2026-04-08 23:09:19, MOVE, v:1, k:ed@fractais_png, mode:EDIT
2026-04-08 23:24:16, EXEC, v:1, k:ed@fractais_png, mode:LOCK, rate:0
2026-04-08 23:24:26, EXEC, v:1, k:ed@fractais_png, mode:LOCK, rate:0
2026-04-08 23:25:04, EXEC, v:1, k:ed@fractais_png, mode:LOCK, rate:0
2026-04-08 23:25:17, EXEC, v:1, k:ed@fractais_png, mode:LOCK, rate:0, size:139
2026-04-08 23:25:28, EXEC, v:1, k:ed@fractais_png, mode:LOCK, rate:0
2026-04-08 23:25:34, EXEC, v:1, k:ed@fractais_png, mode:LOCK, rate:0, size:139
2026-04-08 23:27:15, EXEC, v:1, k:ed@fractais_png, mode:LOCK, rate:0
2026-04-08 23:27:15, MOVE, v:1, k:ed@fractais_png, mode:EDIT
2026-04-08 23:25:32, MOVE, v:1, k:ed@fractais_png, mode:EDIT
2026-04-08 23:27:03, MOVE, v:1, k:ed@fractais_png, mode:EDIT
2026-04-08 23:31:59, EXEC, v:1, k:ed@fractais_png, mode:LOCK, rate:0
2026-04-08 23:32:03, EXEC, v:1, k:ed@fractais_png, mode:LOCK, rate:0
2026-04-08 23:31:53, MOVE, v:1, k:ed@fractais_png, mode:EDIT
2026-04-08 23:32:03, MOVE, v:1, k:ed@fractais_png, mode:EDIT
2026-04-08 23:37:06, MOVE, v:1, k:ed@fractais_png, mode:EDIT
2026-04-08 23:53:32, EXEC, v:1, k:ed@fractais_png, mode:LOCK, rate:0
2026-04-08 23:53:32, MOVE, v:1, k:ed@fractais_png, mode:EDIT
2026-04-08 23:54:45, EXEC, v:1, k:ed@fractais_png, mode:LOCK, rate:0
2026-04-08 23:55:06, EXEC, v:1, k:ed@fractais_png, mode:LOCK, rate:0, size:115
2026-04-08 23:55:28, EXEC, v:1, k:ed@fractais_png, mode:LOCK, rate:0
2026-04-08 23:55:34, EXEC, v:1, k:ed@fractais_png, mode:LOCK, rate:0, size:115
2026-04-08 23:56:30, EXEC, v:1, k:ed@fractais_png, mode:LOCK, rate:0, size:115
2026-04-08 23:56:38, EXEC, v:1, k:ed@fractais_png, mode:LOCK, rate:0, size:115
2026-04-08 23:54:45, MOVE, v:1, k:ed@fractais_png, mode:EDIT
2026-04-08 23:56:36, MOVE, v:1, k:ed@fractais_png, mode:EDIT
2026-04-08 23:56:38, MOVE, v:1, k:ed@fractais_png, mode:EDIT
2026-04-08 23:59:25, EXEC, v:1, k:ed@fractais_png, mode:LOCK, rate:0, size:115
2026-04-08 23:59:38, EXEC, v:1, k:ed@fractais_png, mode:LOCK, rate:0, size:115
2026-04-08 23:59:36, MOVE, v:1, k:ed@fractais_png, mode:EDIT
2026-04-08 23:59:38, MOVE, v:1, k:ed@fractais_png, mode:EDIT
