2026-03-12 17:00:56, MOVE, v:1, k:ed@pintando, mode:DOWN
2026-03-12 17:01:01, MOVE, v:1, k:ed@pintando, mode:PICK
2026-03-12 17:01:39, MOVE, v:1, k:ed@pintando, mode:BACK
2026-03-12 17:03:11, MOVE, v:1, k:ed@pintando, mode:PICK
2026-03-12 17:03:45, MOVE, v:1, k:ed@pintando, mode:BACK
2026-03-12 17:04:06, MOVE, v:1, k:ed@pintando, mode:PICK
2026-03-12 17:04:58, MOVE, v:1, k:ed@pintando, mode:BACK
2026-03-12 17:05:14, MOVE, v:1, k:ed@pintando, mode:PICK
2026-03-12 17:06:31, EXEC, v:1, k:ed@pintando, mode:FREE, size:5
2026-03-12 17:06:31, EXEC, v:1, k:ed@pintando, mode:FREE, fail:COMP
2026-03-12 17:07:20, MOVE, v:1, k:ed@pintando, mode:PICK
2026-03-12 17:07:59, EXEC, v:1, k:ed@pintando, mode:FREE
2026-03-12 17:07:59, EXEC, v:1, k:ed@pintando, mode:FREE, fail:COMP
2026-03-12 17:09:45, MOVE, v:1, k:ed@pintando, mode:PICK
2026-03-12 17:13:06, MOVE, v:1, k:ed@pintando, mode:PICK
2026-03-12 17:13:41, MOVE, v:1, k:ed@pintando, mode:BACK
2026-03-12 17:14:57, MOVE, v:1, k:ed@pintando, mode:PICK
2026-03-12 17:32:17, EXEC, v:1, k:ed@pintando, mode:FREE, size:8
2026-03-12 17:32:17, EXEC, v:1, k:ed@pintando, mode:FREE, fail:COMP
2026-03-12 17:32:47, EXEC, v:1, k:ed@pintando, mode:FREE
2026-03-12 17:32:47, EXEC, v:1, k:ed@pintando, mode:FREE, fail:COMP
2026-03-12 21:45:30, MOVE, v:1, k:ed@pintando, mode:PICK
2026-03-12 21:45:41, EXEC, v:1, k:ed@pintando, mode:FREE
2026-03-12 21:46:34, EXEC, v:1, k:ed@pintando, mode:FREE
2026-03-12 21:47:03, EXEC, v:1, k:ed@pintando, mode:FREE
2026-03-12 21:49:40, EXEC, v:1, k:ed@pintando, mode:FREE
2026-03-12 21:50:23, EXEC, v:1, k:ed@pintando, mode:FREE, size:8
2026-03-12 21:50:43, EXEC, v:1, k:ed@pintando, mode:FULL, fail:COMP
2026-03-12 21:50:46, EXEC, v:1, k:ed@pintando, mode:FULL, fail:COMP
2026-03-12 21:50:47, EXEC, v:1, k:ed@pintando, mode:FULL, fail:COMP
2026-03-12 21:50:47, EXEC, v:1, k:ed@pintando, mode:FULL, fail:COMP
2026-03-12 21:50:47, EXEC, v:1, k:ed@pintando, mode:FULL, fail:COMP
2026-03-12 21:50:48, EXEC, v:1, k:ed@pintando, mode:FULL, fail:COMP
2026-03-12 22:08:53, EXEC, v:1, k:ed@pintando, mode:FREE, size:8
